#
# There is insufficient memory for the Java Runtime Environment to continue.
# Native memory allocation (malloc) failed to allocate 2617488 bytes. Error detail: Chunk::new
# Possible reasons:
#   The system is out of physical RAM or swap space
#   This process is running with CompressedOops enabled, and the Java Heap may be blocking the growth of the native heap
# Possible solutions:
#   Reduce memory load on the system
#   Increase physical memory or swap space
#   Check if swap backing store is full
#   Decrease Java heap size (-Xmx/-Xms)
#   Decrease number of Java threads
#   Decrease Java thread stack sizes (-Xss)
#   Set larger code cache with -XX:ReservedCodeCacheSize=
#   JVM is running with Unscaled Compressed Oops mode in which the Java heap is
#     placed in the first 4GB address space. The Java Heap base address is the
#     maximum limit for the native heap growth. Please use -XX:HeapBaseMinAddress
#     to set the Java Heap base and to place the Java Heap above 4GB virtual address.
# This output file may be truncated or incomplete.
#
#  Out of Memory Error (arena.cpp:162), pid=15916, tid=48280
#
# JRE version: Java(TM) SE Runtime Environment (24.0.1+9) (build 24.0.1+9-30)
# Java VM: Java HotSpot(TM) 64-Bit Server VM (24.0.1+9-30, mixed mode, sharing, tiered, compressed oops, compressed class ptrs, g1 gc, windows-amd64)
# No core dump will be written. Minidumps are not enabled by default on client versions of Windows
#

---------------  S U M M A R Y ------------

Command Line: --module-path=C:\Users\pvrre\Downloads\openjfx-25_windows-x64_bin-sdk\javafx-sdk-25\lib --add-modules=javafx.controls,javafx.fxml --enable-native-access=javafx.graphics -javaagent:C:\Program Files\JetBrains\IntelliJ IDEA Community Edition 2025.2.2\lib\idea_rt.jar=50118 -Dfile.encoding=UTF-8 -Dsun.stdout.encoding=UTF-8 -Dsun.stderr.encoding=UTF-8 com.example.nyanam.Main

Host: 12th Gen Intel(R) Core(TM) i5-1235U, 12 cores, 7G,  Windows 11 , 64 bit Build 26100 (10.0.26100.6725)
Time: Sun Nov 16 09:52:43 2025 India Standard Time elapsed time: 184.078734 seconds (0d 0h 3m 4s)

---------------  T H R E A D  ---------------

Current thread (0x00000203c4d802c0):  JavaThread "C2 CompilerThread0" daemon [_thread_in_native, id=48280, stack(0x0000009e69400000,0x0000009e69500000) (1024K)]


Current CompileTask:
C2:184078 9171       4       com.sun.javafx.sg.prism.NGNode::getClippedBounds (78 bytes)

Stack: [0x0000009e69400000,0x0000009e69500000]
Native frames: (J=compiled Java code, j=interpreted, Vv=VM code, C=native code)
V  [jvm.dll+0x730739]  (no source info available)
V  [jvm.dll+0x8d9b23]  (no source info available)
V  [jvm.dll+0x8dc00d]  (no source info available)
V  [jvm.dll+0x8dc683]  (no source info available)
V  [jvm.dll+0x2aa086]  (no source info available)
V  [jvm.dll+0xcedef]  (no source info available)
V  [jvm.dll+0xcf04f]  (no source info available)
V  [jvm.dll+0x154d83]  (no source info available)
V  [jvm.dll+0x735f5f]  (no source info available)
V  [jvm.dll+0x26fa1c]  (no source info available)
V  [jvm.dll+0x26ea3f]  (no source info available)
V  [jvm.dll+0x1e9d60]  (no source info available)
V  [jvm.dll+0x27e1fb]  (no source info available)
V  [jvm.dll+0x27c49a]  (no source info available)
V  [jvm.dll+0x42f456]  (no source info available)
V  [jvm.dll+0x87d76b]  (no source info available)
V  [jvm.dll+0x72ee55]  (no source info available)
C  [ucrtbase.dll+0x37b0]  (no source info available)
C  [KERNEL32.DLL+0x2e8d7]  (no source info available)
C  [ntdll.dll+0x8c53c]  (no source info available)

Lock stack of current Java thread (top to bottom):


---------------  P R O C E S S  ---------------

Threads class SMR info:
_java_thread_list=0x000002041b4b7040, length=23, elements={
0x00000203a82610e0, 0x00000203c4d75970, 0x00000203c4d760b0, 0x00000203c4d77130,
0x00000203c4d77870, 0x00000203c4d7dfd0, 0x00000203c4d7e710, 0x00000203c4d802c0,
0x00000203c4d8c050, 0x00000203c55cd760, 0x000002040be00930, 0x000002040b3b3120,
0x000002040b43af30, 0x000002040c0bdb90, 0x000002040c0c3190, 0x000002041113b350,
0x00000204111c6a30, 0x0000020411167a90, 0x00000204111681e0, 0x0000020411166bf0,
0x000002040b100910, 0x000002040b1034f0, 0x000002040b101060
}

Java Threads: ( => current thread )
  0x00000203a82610e0 JavaThread "main"                              [_thread_blocked, id=53100, stack(0x0000009e68600000,0x0000009e68700000) (1024K)]
  0x00000203c4d75970 JavaThread "Reference Handler"          daemon [_thread_blocked, id=58644, stack(0x0000009e68e00000,0x0000009e68f00000) (1024K)]
  0x00000203c4d760b0 JavaThread "Finalizer"                  daemon [_thread_blocked, id=11232, stack(0x0000009e68f00000,0x0000009e69000000) (1024K)]
  0x00000203c4d77130 JavaThread "Signal Dispatcher"          daemon [_thread_blocked, id=59844, stack(0x0000009e69000000,0x0000009e69100000) (1024K)]
  0x00000203c4d77870 JavaThread "Attach Listener"            daemon [_thread_blocked, id=59872, stack(0x0000009e69100000,0x0000009e69200000) (1024K)]
  0x00000203c4d7dfd0 JavaThread "Service Thread"             daemon [_thread_blocked, id=56172, stack(0x0000009e69200000,0x0000009e69300000) (1024K)]
  0x00000203c4d7e710 JavaThread "Monitor Deflation Thread"   daemon [_thread_blocked, id=59540, stack(0x0000009e69300000,0x0000009e69400000) (1024K)]
=>0x00000203c4d802c0 JavaThread "C2 CompilerThread0"         daemon [_thread_in_native, id=48280, stack(0x0000009e69400000,0x0000009e69500000) (1024K)]
  0x00000203c4d8c050 JavaThread "C1 CompilerThread0"         daemon [_thread_blocked, id=48952, stack(0x0000009e69500000,0x0000009e69600000) (1024K)]
  0x00000203c55cd760 JavaThread "Common-Cleaner"             daemon [_thread_blocked, id=52528, stack(0x0000009e69600000,0x0000009e69700000) (1024K)]
  0x000002040be00930 JavaThread "Monitor Ctrl-Break"         daemon [_thread_in_native, id=28204, stack(0x0000009e69900000,0x0000009e69a00000) (1024K)]
  0x000002040b3b3120 JavaThread "Notification Thread"        daemon [_thread_blocked, id=58704, stack(0x0000009e69a00000,0x0000009e69b00000) (1024K)]
  0x000002040b43af30 JavaThread "QuantumRenderer-0"          daemon [_thread_blocked, id=57408, stack(0x0000009e69700000,0x0000009e69800000) (1024K)]
  0x000002040c0bdb90 JavaThread "InvokeLaterDispatcher"      daemon [_thread_blocked, id=54532, stack(0x0000009e69800000,0x0000009e69900000) (1024K)]
  0x000002040c0c3190 JavaThread "JavaFX Application Thread"         [_thread_in_native, id=58084, stack(0x0000009e69b00000,0x0000009e69c00000) (1024K)]
  0x000002041113b350 JavaThread "JavaFX-Launcher"                   [_thread_blocked, id=28084, stack(0x0000009e6b100000,0x0000009e6b200000) (1024K)]
  0x00000204111c6a30 JavaThread "Thread-2"                   daemon [_thread_in_native, id=17072, stack(0x0000009e6b000000,0x0000009e6b100000) (1024K)]
  0x0000020411167a90 JavaThread "Prism Font Disposer"        daemon [_thread_blocked, id=57636, stack(0x0000009e6b200000,0x0000009e6b300000) (1024K)]
  0x00000204111681e0 JavaThread "Cleaner-0"                  daemon [_thread_blocked, id=55460, stack(0x0000009e6b800000,0x0000009e6b900000) (1024K)]
  0x0000020411166bf0 JavaThread "mysql-cj-abandoned-connection-cleanup" daemon [_thread_blocked, id=39788, stack(0x0000009e6b900000,0x0000009e6ba00000) (1024K)]
  0x000002040b100910 JavaThread "Java2D Disposer"            daemon [_thread_blocked, id=50952, stack(0x0000009e68300000,0x0000009e68400000) (1024K)]
  0x000002040b1034f0 JavaThread "AWT-Windows"                daemon [_thread_in_native, id=32812, stack(0x0000009e69f00000,0x0000009e6a000000) (1024K)]
  0x000002040b101060 JavaThread "Swing-Shell"                daemon [_thread_blocked, id=53632, stack(0x0000009e6c200000,0x0000009e6c300000) (1024K)]
Total: 23

Other Threads:
  0x00000203c4d68690 VMThread "VM Thread"                           [id=20016, stack(0x0000009e68d00000,0x0000009e68e00000) (1024K)]
  0x00000203c4d57260 WatcherThread "VM Periodic Task Thread"        [id=60152, stack(0x0000009e68c00000,0x0000009e68d00000) (1024K)]
  0x00000203a82b9360 WorkerThread "GC Thread#0"                     [id=58956, stack(0x0000009e68700000,0x0000009e68800000) (1024K)]
  0x0000020411130a30 WorkerThread "GC Thread#1"                     [id=31652, stack(0x0000009e6b300000,0x0000009e6b400000) (1024K)]
  0x0000020411130de0 WorkerThread "GC Thread#2"                     [id=3568, stack(0x0000009e6b400000,0x0000009e6b500000) (1024K)]
  0x0000020411131190 WorkerThread "GC Thread#3"                     [id=58080, stack(0x0000009e6b500000,0x0000009e6b600000) (1024K)]
  0x000002041112f7c0 WorkerThread "GC Thread#4"                     [id=36284, stack(0x0000009e6b600000,0x0000009e6b700000) (1024K)]
  0x000002041112fb70 WorkerThread "GC Thread#5"                     [id=41700, stack(0x0000009e6b700000,0x0000009e6b800000) (1024K)]
  0x00000203c5644b20 WorkerThread "GC Thread#6"                     [id=46548, stack(0x0000009e6bb00000,0x0000009e6bc00000) (1024K)]
  0x00000203c5645280 WorkerThread "GC Thread#7"                     [id=56768, stack(0x0000009e6bc00000,0x0000009e6bd00000) (1024K)]
  0x00000203c5644ed0 WorkerThread "GC Thread#8"                     [id=48268, stack(0x0000009e6bd00000,0x0000009e6be00000) (1024K)]
  0x00000203c5646c50 WorkerThread "GC Thread#9"                     [id=22060, stack(0x0000009e6be00000,0x0000009e6bf00000) (1024K)]
  0x00000203a82cd690 ConcurrentGCThread "G1 Main Marker"            [id=51868, stack(0x0000009e68800000,0x0000009e68900000) (1024K)]
  0x00000203a82d0460 WorkerThread "G1 Conc#0"                       [id=51036, stack(0x0000009e68900000,0x0000009e68a00000) (1024K)]
  0x00000203c5643500 WorkerThread "G1 Conc#1"                       [id=8656, stack(0x0000009e6bf00000,0x0000009e6c000000) (1024K)]
  0x00000203c56438b0 WorkerThread "G1 Conc#2"                       [id=52220, stack(0x0000009e6c000000,0x0000009e6c100000) (1024K)]
  0x00000203c4c1bf80 ConcurrentGCThread "G1 Refine#0"               [id=20284, stack(0x0000009e68a00000,0x0000009e68b00000) (1024K)]
  0x00000203c4c1c3c0 ConcurrentGCThread "G1 Service"                [id=53276, stack(0x0000009e68b00000,0x0000009e68c00000) (1024K)]
Total: 18

Threads with active compile tasks:
C2 CompilerThread0  184165 9171       4       com.sun.javafx.sg.prism.NGNode::getClippedBounds (78 bytes)
Total: 1

VM state: not at safepoint (normal execution)

VM Mutex/Monitor currently owned by a thread: None

Heap address: 0x0000000084e00000, size: 1970 MB, Compressed Oops mode: 32-bit

CDS archive(s) mapped at: [0x00000203c6000000-0x00000203c6d40000-0x00000203c6d40000), size 13893632, SharedBaseAddress: 0x00000203c6000000, ArchiveRelocationMode: 1.
Compressed class space mapped at: 0x00000203c7000000-0x0000020407000000, reserved size: 1073741824
UseCompressedClassPointers 1, UseCompactObjectHeaders 0
Narrow klass pointer bits 32, Max shift 3
Narrow klass base: 0x00000203c6000000, Narrow klass shift: 0
Encoding Range: [0x00000203c6000000 - 0x00000204c6000000), (4294967296 bytes)
Klass Range:    [0x00000203c6000000 - 0x0000020407000000), (1090519040 bytes)
Klass ID Range:  [8 - 1090519033) (1090519025)

GC Precious Log:
 CardTable entry size: 512
 Card Set container configuration: InlinePtr #cards 5 size 8 Array Of Cards #cards 10 size 36 Howl #buckets 4 coarsen threshold 1843 Howl Bitmap #cards 512 size 80 coarsen threshold 460 Card regions per heap region 1 cards per card region 2048
 CPUs: 12 total, 12 available
 Memory: 7876M
 Large Page Support: Disabled
 NUMA Support: Disabled
 Compressed Oops: Enabled (32-bit)
 Heap Region Size: 1M
 Heap Min Capacity: 8M
 Heap Initial Capacity: 124M
 Heap Max Capacity: 1970M
 Pre-touch: Disabled
 Parallel Workers: 10
 Concurrent Workers: 3
 Concurrent Refinement Workers: 10
 Periodic GC: Disabled

Heap:
 garbage-first heap   total reserved 2017280K, committed 65536K, used 45681K [0x0000000084e00000, 0x0000000100000000)
  region size 1024K, 17 young (17408K), 4 survivors (4096K)
 Metaspace       used 33917K, committed 34304K, reserved 1114112K
  class space    used 3971K, committed 4160K, reserved 1048576K

Heap Regions: E=young(eden), S=young(survivor), O=old, HS=humongous(starts), HC=humongous(continues), CS=collection set, F=free, TAMS=top-at-mark-start, PB=parsable bottom
|   0|0x0000000084e00000, 0x0000000084f00000, 0x0000000084f00000|100%| O|  |TAMS 0x0000000084e00000| PB 0x0000000084e00000| Untracked |  0
|   1|0x0000000084f00000, 0x0000000085000000, 0x0000000085000000|100%|HS|  |TAMS 0x0000000084f00000| PB 0x0000000084f00000| Complete |  0
|   2|0x0000000085000000, 0x0000000085100000, 0x0000000085100000|100%|HC|  |TAMS 0x0000000085000000| PB 0x0000000085000000| Complete |  0
|   3|0x0000000085100000, 0x0000000085200000, 0x0000000085200000|100%| O|  |TAMS 0x0000000085100000| PB 0x0000000085100000| Untracked |  0
|   4|0x0000000085200000, 0x0000000085300000, 0x0000000085300000|100%| O|  |TAMS 0x0000000085200000| PB 0x0000000085200000| Untracked |  0
|   5|0x0000000085300000, 0x0000000085400000, 0x0000000085400000|100%| O|  |TAMS 0x0000000085300000| PB 0x0000000085300000| Untracked |  0
|   6|0x0000000085400000, 0x0000000085500000, 0x0000000085500000|100%| O|  |TAMS 0x0000000085400000| PB 0x0000000085400000| Untracked |  0
|   7|0x0000000085500000, 0x0000000085600000, 0x0000000085600000|100%| O|  |TAMS 0x0000000085500000| PB 0x0000000085500000| Untracked |  0
|   8|0x0000000085600000, 0x0000000085700000, 0x0000000085700000|100%| O|  |TAMS 0x0000000085600000| PB 0x0000000085600000| Untracked |  0
|   9|0x0000000085700000, 0x0000000085800000, 0x0000000085800000|100%| O|  |TAMS 0x0000000085700000| PB 0x0000000085700000| Untracked |  0
|  10|0x0000000085800000, 0x0000000085900000, 0x0000000085900000|100%| O|  |TAMS 0x0000000085800000| PB 0x0000000085800000| Untracked |  0
|  11|0x0000000085900000, 0x0000000085a00000, 0x0000000085a00000|100%| O|  |TAMS 0x0000000085900000| PB 0x0000000085900000| Untracked |  0
|  12|0x0000000085a00000, 0x0000000085aee4d0, 0x0000000085b00000| 93%| O|  |TAMS 0x0000000085a00000| PB 0x0000000085a00000| Untracked |  0
|  13|0x0000000085b00000, 0x0000000085c00000, 0x0000000085c00000|100%| O|  |TAMS 0x0000000085b00000| PB 0x0000000085b00000| Untracked |  0
|  14|0x0000000085c00000, 0x0000000085d00000, 0x0000000085d00000|100%| O|  |TAMS 0x0000000085c00000| PB 0x0000000085c00000| Untracked |  0
|  15|0x0000000085d00000, 0x0000000085e00000, 0x0000000085e00000|100%| O|  |TAMS 0x0000000085d00000| PB 0x0000000085d00000| Untracked |  0
|  16|0x0000000085e00000, 0x0000000085f00000, 0x0000000085f00000|100%| O|  |TAMS 0x0000000085e00000| PB 0x0000000085e00000| Untracked |  0
|  17|0x0000000085f00000, 0x0000000086000000, 0x0000000086000000|100%| O|  |TAMS 0x0000000085f00000| PB 0x0000000085f00000| Untracked |  0
|  18|0x0000000086000000, 0x0000000086100000, 0x0000000086100000|100%| O|  |TAMS 0x0000000086000000| PB 0x0000000086000000| Untracked |  0
|  19|0x0000000086100000, 0x0000000086100000, 0x0000000086200000|  0%| F|  |TAMS 0x0000000086100000| PB 0x0000000086100000| Untracked |  0
|  20|0x0000000086200000, 0x0000000086200000, 0x0000000086300000|  0%| F|  |TAMS 0x0000000086200000| PB 0x0000000086200000| Untracked |  0
|  21|0x0000000086300000, 0x0000000086400000, 0x0000000086400000|100%| O|  |TAMS 0x0000000086300000| PB 0x0000000086300000| Untracked |  0
|  22|0x0000000086400000, 0x0000000086500000, 0x0000000086500000|100%| O|  |TAMS 0x0000000086400000| PB 0x0000000086400000| Untracked |  0
|  23|0x0000000086500000, 0x0000000086600000, 0x0000000086600000|100%|HS|  |TAMS 0x0000000086500000| PB 0x0000000086500000| Complete |  0
|  24|0x0000000086600000, 0x0000000086700000, 0x0000000086700000|100%|HS|  |TAMS 0x0000000086600000| PB 0x0000000086600000| Complete |  0
|  25|0x0000000086700000, 0x0000000086800000, 0x0000000086800000|100%|HC|  |TAMS 0x0000000086700000| PB 0x0000000086700000| Complete |  0
|  26|0x0000000086800000, 0x0000000086900000, 0x0000000086900000|100%| O|  |TAMS 0x0000000086800000| PB 0x0000000086800000| Untracked |  0
|  27|0x0000000086900000, 0x0000000086a00000, 0x0000000086a00000|100%| O|  |TAMS 0x0000000086900000| PB 0x0000000086900000| Untracked |  0
|  28|0x0000000086a00000, 0x0000000086b00000, 0x0000000086b00000|100%| O|  |TAMS 0x0000000086a00000| PB 0x0000000086a00000| Untracked |  0
|  29|0x0000000086b00000, 0x0000000086b00000, 0x0000000086c00000|  0%| F|  |TAMS 0x0000000086b00000| PB 0x0000000086b00000| Untracked |  0
|  30|0x0000000086c00000, 0x0000000086c00000, 0x0000000086d00000|  0%| F|  |TAMS 0x0000000086c00000| PB 0x0000000086c00000| Untracked |  0
|  31|0x0000000086d00000, 0x0000000086dae1c0, 0x0000000086e00000| 68%| O|  |TAMS 0x0000000086d00000| PB 0x0000000086d00000| Untracked |  0
|  32|0x0000000086e00000, 0x0000000086e00000, 0x0000000086f00000|  0%| F|  |TAMS 0x0000000086e00000| PB 0x0000000086e00000| Untracked |  0
|  33|0x0000000086f00000, 0x0000000087000000, 0x0000000087000000|100%| S|CS|TAMS 0x0000000086f00000| PB 0x0000000086f00000| Complete |  0
|  34|0x0000000087000000, 0x0000000087100000, 0x0000000087100000|100%| S|CS|TAMS 0x0000000087000000| PB 0x0000000087000000| Complete |  0
|  35|0x0000000087100000, 0x0000000087100000, 0x0000000087200000|  0%| F|  |TAMS 0x0000000087100000| PB 0x0000000087100000| Untracked |  0
|  36|0x0000000087200000, 0x0000000087200000, 0x0000000087300000|  0%| F|  |TAMS 0x0000000087200000| PB 0x0000000087200000| Untracked |  0
|  37|0x0000000087300000, 0x0000000087400000, 0x0000000087400000|100%| S|CS|TAMS 0x0000000087300000| PB 0x0000000087300000| Complete |  0
|  38|0x0000000087400000, 0x0000000087500000, 0x0000000087500000|100%| S|CS|TAMS 0x0000000087400000| PB 0x0000000087400000| Complete |  0
|  39|0x0000000087500000, 0x0000000087500000, 0x0000000087600000|  0%| F|  |TAMS 0x0000000087500000| PB 0x0000000087500000| Untracked |  0
|  40|0x0000000087600000, 0x0000000087600000, 0x0000000087700000|  0%| F|  |TAMS 0x0000000087600000| PB 0x0000000087600000| Untracked |  0
|  41|0x0000000087700000, 0x0000000087700000, 0x0000000087800000|  0%| F|  |TAMS 0x0000000087700000| PB 0x0000000087700000| Untracked |  0
|  42|0x0000000087800000, 0x0000000087800000, 0x0000000087900000|  0%| F|  |TAMS 0x0000000087800000| PB 0x0000000087800000| Untracked |  0
|  43|0x0000000087900000, 0x0000000087900000, 0x0000000087a00000|  0%| F|  |TAMS 0x0000000087900000| PB 0x0000000087900000| Untracked |  0
|  44|0x0000000087a00000, 0x0000000087a00000, 0x0000000087b00000|  0%| F|  |TAMS 0x0000000087a00000| PB 0x0000000087a00000| Untracked |  0
|  45|0x0000000087b00000, 0x0000000087b00000, 0x0000000087c00000|  0%| F|  |TAMS 0x0000000087b00000| PB 0x0000000087b00000| Untracked |  0
|  46|0x0000000087c00000, 0x0000000087c00000, 0x0000000087d00000|  0%| F|  |TAMS 0x0000000087c00000| PB 0x0000000087c00000| Untracked |  0
|  47|0x0000000087d00000, 0x0000000087d00000, 0x0000000087e00000|  0%| F|  |TAMS 0x0000000087d00000| PB 0x0000000087d00000| Untracked |  0
|  48|0x0000000087e00000, 0x0000000087e00000, 0x0000000087f00000|  0%| F|  |TAMS 0x0000000087e00000| PB 0x0000000087e00000| Untracked |  0
|  49|0x0000000087f00000, 0x0000000087f00000, 0x0000000088000000|  0%| F|  |TAMS 0x0000000087f00000| PB 0x0000000087f00000| Untracked |  0
|  50|0x0000000088000000, 0x000000008807e498, 0x0000000088100000| 49%| E|  |TAMS 0x0000000088000000| PB 0x0000000088000000| Complete |  0
|  51|0x0000000088100000, 0x0000000088200000, 0x0000000088200000|100%| E|CS|TAMS 0x0000000088100000| PB 0x0000000088100000| Complete |  0
|  52|0x0000000088200000, 0x0000000088300000, 0x0000000088300000|100%| E|CS|TAMS 0x0000000088200000| PB 0x0000000088200000| Complete |  0
|  53|0x0000000088300000, 0x0000000088400000, 0x0000000088400000|100%| E|CS|TAMS 0x0000000088300000| PB 0x0000000088300000| Complete |  0
|  54|0x0000000088400000, 0x0000000088500000, 0x0000000088500000|100%| E|CS|TAMS 0x0000000088400000| PB 0x0000000088400000| Complete |  0
|  55|0x0000000088500000, 0x0000000088600000, 0x0000000088600000|100%| E|CS|TAMS 0x0000000088500000| PB 0x0000000088500000| Complete |  0
|  56|0x0000000088600000, 0x0000000088700000, 0x0000000088700000|100%| E|CS|TAMS 0x0000000088600000| PB 0x0000000088600000| Complete |  0
|  57|0x0000000088700000, 0x0000000088800000, 0x0000000088800000|100%| E|CS|TAMS 0x0000000088700000| PB 0x0000000088700000| Complete |  0
|  58|0x0000000088800000, 0x0000000088900000, 0x0000000088900000|100%| E|CS|TAMS 0x0000000088800000| PB 0x0000000088800000| Complete |  0
| 117|0x000000008c300000, 0x000000008c400000, 0x000000008c400000|100%| E|CS|TAMS 0x000000008c300000| PB 0x000000008c300000| Complete |  0
| 118|0x000000008c400000, 0x000000008c500000, 0x000000008c500000|100%| E|CS|TAMS 0x000000008c400000| PB 0x000000008c400000| Complete |  0
| 123|0x000000008c900000, 0x000000008ca00000, 0x000000008ca00000|100%| E|CS|TAMS 0x000000008c900000| PB 0x000000008c900000| Complete |  0
|1968|0x00000000ffe00000, 0x00000000fff00000, 0x00000000fff00000|100%| O|  |TAMS 0x00000000ffe00000| PB 0x00000000ffe00000| Untracked |  0
|1969|0x00000000fff00000, 0x0000000100000000, 0x0000000100000000|100%| E|CS|TAMS 0x00000000fff00000| PB 0x00000000fff00000| Complete |  0

Card table byte_map: [0x00000203c0540000,0x00000203c0920000] _byte_map_base: 0x00000203c0119000

Marking Bits: (CMBitMap*) 0x00000203a82b9980
 Bits: [0x00000203c0920000, 0x00000203c27e8000)

Polling page: 0x00000203a60f0000

Metaspace:

Usage:
  Non-class:     29.24 MB used.
      Class:      3.88 MB used.
       Both:     33.12 MB used.

Virtual space:
  Non-class space:       64.00 MB reserved,      29.44 MB ( 46%) committed,  1 nodes.
      Class space:        1.00 GB reserved,       4.06 MB ( <1%) committed,  1 nodes.
             Both:        1.06 GB reserved,      33.50 MB (  3%) committed. 

Chunk freelists:
   Non-Class:  2.38 MB
       Class:  11.86 MB
        Both:  14.23 MB

MaxMetaspaceSize: unlimited
CompressedClassSpaceSize: 1.00 GB
Initial GC threshold: 21.00 MB
Current GC threshold: 35.12 MB
CDS: on
 - commit_granule_bytes: 65536.
 - commit_granule_words: 8192.
 - virtual_space_node_default_size: 8388608.
 - enlarge_chunks_in_place: 1.
UseCompressedClassPointers 1, UseCompactObjectHeaders 0
Narrow klass pointer bits 32, Max shift 3
Narrow klass base: 0x00000203c6000000, Narrow klass shift: 0
Encoding Range: [0x00000203c6000000 - 0x00000204c6000000), (4294967296 bytes)
Klass Range:    [0x00000203c6000000 - 0x0000020407000000), (1090519040 bytes)
Klass ID Range:  [8 - 1090519033) (1090519025)


Internal statistics:

num_allocs_failed_limit: 3.
num_arena_births: 398.
num_arena_deaths: 0.
num_vsnodes_births: 2.
num_vsnodes_deaths: 0.
num_space_committed: 536.
num_space_uncommitted: 0.
num_chunks_returned_to_freelist: 3.
num_chunks_taken_from_freelist: 1329.
num_chunk_merges: 0.
num_chunk_splits: 920.
num_chunks_enlarged: 727.
num_inconsistent_stats: 0.

CodeHeap 'non-profiled nmethods': size=120064Kb used=4746Kb max_used=4746Kb free=115317Kb
 bounds [0x00000203b85c0000, 0x00000203b8a70000, 0x00000203bfb00000]
CodeHeap 'profiled nmethods': size=120000Kb used=17480Kb max_used=17480Kb free=102519Kb
 bounds [0x00000203b0b00000, 0x00000203b1c20000, 0x00000203b8030000]
CodeHeap 'non-nmethods': size=5696Kb used=1843Kb max_used=1982Kb free=3853Kb
 bounds [0x00000203b8030000, 0x00000203b82a0000, 0x00000203b85c0000]
CodeCache: size=245760Kb, used=24069Kb, max_used=24208Kb, free=221689Kb
 total_blobs=10165, nmethods=9166, adapters=901, full_count=0
Compilation: enabled, stopped_count=0, restarted_count=0

Compilation events (20 events):
Event: 165.759 Thread 0x00000203c4d8c050 nmethod 9161 0x00000203b8a61f88 code [0x00000203b8a62080, 0x00000203b8a62148]
Event: 165.760 Thread 0x00000203c4d8c050 9162       3       java.util.concurrent.ConcurrentHashMap::sumCount (60 bytes)
Event: 165.760 Thread 0x00000203c4d8c050 nmethod 9162 0x00000203b1c10208 code [0x00000203b1c10320, 0x00000203b1c10550]
Event: 165.787 Thread 0x00000203c4d8c050 9163       1       java.lang.invoke.MethodHandleImpl$AsVarargsCollector::getTarget (5 bytes)
Event: 165.787 Thread 0x00000203c4d8c050 nmethod 9163 0x00000203b8a62288 code [0x00000203b8a62380, 0x00000203b8a62448]
Event: 181.576 Thread 0x00000203c4d8c050 9164       3       javafx.scene.Scene$DnDGesture::process (86 bytes)
Event: 181.576 Thread 0x00000203c4d8c050 nmethod 9164 0x00000203b1c10588 code [0x00000203b1c10740, 0x00000203b1c11038]
Event: 183.049 Thread 0x00000203c4d8c050 9167       3       java.nio.CharBuffer::hasArray (20 bytes)
Event: 183.049 Thread 0x00000203c4d8c050 nmethod 9167 0x00000203b1c11088 code [0x00000203b1c111a0, 0x00000203b1c11328]
Event: 183.050 Thread 0x00000203c4d8c050 9168       3       java.nio.CharBuffer::array (35 bytes)
Event: 183.050 Thread 0x00000203c4d8c050 nmethod 9168 0x00000203b1c11388 code [0x00000203b1c114c0, 0x00000203b1c11780]
Event: 183.050 Thread 0x00000203c4d8c050 9165   !   3       java.nio.CharBuffer::wrap (21 bytes)
Event: 183.050 Thread 0x00000203c4d8c050 nmethod 9165 0x00000203b1c11808 code [0x00000203b1c11940, 0x00000203b1c11bc8]
Event: 183.050 Thread 0x00000203c4d8c050 9166       3       java.nio.HeapCharBuffer::<init> (23 bytes)
Event: 183.050 Thread 0x00000203c4d8c050 nmethod 9166 0x00000203b1c11c08 code [0x00000203b1c11d20, 0x00000203b1c11e98]
Event: 183.050 Thread 0x00000203c4d8c050 9169       3       java.lang.StringCoding::implEncodeAsciiArray (47 bytes)
Event: 183.050 Thread 0x00000203c4d8c050 nmethod 9169 0x00000203b1c11f08 code [0x00000203b1c12020, 0x00000203b1c12250]
Event: 183.052 Thread 0x00000203c4d802c0 9170       4       com.sun.prism.impl.VertexBuffer::flush (32 bytes)
Event: 183.055 Thread 0x00000203c4d802c0 nmethod 9170 0x00000203b8a62588 code [0x00000203b8a626c0, 0x00000203b8a62950]
Event: 183.055 Thread 0x00000203c4d802c0 9171       4       com.sun.javafx.sg.prism.NGNode::getClippedBounds (78 bytes)

GC Heap History (16 events):
Event: 1.700 GC heap before
{Heap before GC invocations=0 (full 0):
 garbage-first heap   total reserved 2017280K, committed 129024K, used 48244K [0x0000000084e00000, 0x0000000100000000)
  region size 1024K, 47 young (48128K), 0 survivors (0K)
 Metaspace       used 8605K, committed 8768K, reserved 1114112K
  class space    used 825K, committed 896K, reserved 1048576K
}
Event: 1.712 GC heap after
{Heap after GC invocations=1 (full 0):
 garbage-first heap   total reserved 2017280K, committed 129024K, used 7934K [0x0000000084e00000, 0x0000000100000000)
  region size 1024K, 6 young (6144K), 6 survivors (6144K)
 Metaspace       used 8605K, committed 8768K, reserved 1114112K
  class space    used 825K, committed 896K, reserved 1048576K
}
Event: 8.982 GC heap before
{Heap before GC invocations=1 (full 0):
 garbage-first heap   total reserved 2017280K, committed 129024K, used 63230K [0x0000000084e00000, 0x0000000100000000)
  region size 1024K, 58 young (59392K), 6 survivors (6144K)
 Metaspace       used 19316K, committed 19648K, reserved 1114112K
  class space    used 2346K, committed 2496K, reserved 1048576K
}
Event: 8.992 GC heap after
{Heap after GC invocations=2 (full 0):
 garbage-first heap   total reserved 2017280K, committed 129024K, used 14595K [0x0000000084e00000, 0x0000000100000000)
  region size 1024K, 5 young (5120K), 5 survivors (5120K)
 Metaspace       used 19316K, committed 19648K, reserved 1114112K
  class space    used 2346K, committed 2496K, reserved 1048576K
}
Event: 9.194 GC heap before
{Heap before GC invocations=2 (full 0):
 garbage-first heap   total reserved 2017280K, committed 129024K, used 18691K [0x0000000084e00000, 0x0000000100000000)
  region size 1024K, 10 young (10240K), 5 survivors (5120K)
 Metaspace       used 21248K, committed 21504K, reserved 1114112K
  class space    used 2549K, committed 2688K, reserved 1048576K
}
Event: 9.200 GC heap after
{Heap after GC invocations=3 (full 0):
 garbage-first heap   total reserved 2017280K, committed 129024K, used 15913K [0x0000000084e00000, 0x0000000100000000)
  region size 1024K, 2 young (2048K), 2 survivors (2048K)
 Metaspace       used 21248K, committed 21504K, reserved 1114112K
  class space    used 2549K, committed 2688K, reserved 1048576K
}
Event: 36.215 GC heap before
{Heap before GC invocations=4 (full 0):
 garbage-first heap   total reserved 2017280K, committed 58368K, used 56873K [0x0000000084e00000, 0x0000000100000000)
  region size 1024K, 42 young (43008K), 2 survivors (2048K)
 Metaspace       used 28894K, committed 29248K, reserved 1114112K
  class space    used 3527K, committed 3648K, reserved 1048576K
}
Event: 36.223 GC heap after
{Heap after GC invocations=5 (full 0):
 garbage-first heap   total reserved 2017280K, committed 65536K, used 21132K [0x0000000084e00000, 0x0000000100000000)
  region size 1024K, 7 young (7168K), 7 survivors (7168K)
 Metaspace       used 28894K, committed 29248K, reserved 1114112K
  class space    used 3527K, committed 3648K, reserved 1048576K
}
Event: 71.287 GC heap before
{Heap before GC invocations=5 (full 0):
 garbage-first heap   total reserved 2017280K, committed 65536K, used 47756K [0x0000000084e00000, 0x0000000100000000)
  region size 1024K, 33 young (33792K), 7 survivors (7168K)
 Metaspace       used 30710K, committed 31104K, reserved 1114112K
  class space    used 3706K, committed 3904K, reserved 1048576K
}
Event: 71.293 GC heap after
{Heap after GC invocations=6 (full 0):
 garbage-first heap   total reserved 2017280K, committed 65536K, used 21646K [0x0000000084e00000, 0x0000000100000000)
  region size 1024K, 2 young (2048K), 2 survivors (2048K)
 Metaspace       used 30710K, committed 31104K, reserved 1114112K
  class space    used 3706K, committed 3904K, reserved 1048576K
}
Event: 112.977 GC heap before
{Heap before GC invocations=6 (full 0):
 garbage-first heap   total reserved 2017280K, committed 65536K, used 52366K [0x0000000084e00000, 0x0000000100000000)
  region size 1024K, 30 young (30720K), 2 survivors (2048K)
 Metaspace       used 31881K, committed 32256K, reserved 1114112K
  class space    used 3844K, committed 4032K, reserved 1048576K
}
Event: 112.982 GC heap after
{Heap after GC invocations=7 (full 0):
 garbage-first heap   total reserved 2017280K, committed 65536K, used 25028K [0x0000000084e00000, 0x0000000100000000)
  region size 1024K, 4 young (4096K), 4 survivors (4096K)
 Metaspace       used 31881K, committed 32256K, reserved 1114112K
  class space    used 3844K, committed 4032K, reserved 1048576K
}
Event: 131.112 GC heap before
{Heap before GC invocations=7 (full 0):
 garbage-first heap   total reserved 2017280K, committed 65536K, used 51652K [0x0000000084e00000, 0x0000000100000000)
  region size 1024K, 30 young (30720K), 4 survivors (4096K)
 Metaspace       used 32241K, committed 32640K, reserved 1114112K
  class space    used 3866K, committed 4032K, reserved 1048576K
}
Event: 131.128 GC heap after
{Heap after GC invocations=8 (full 0):
 garbage-first heap   total reserved 2017280K, committed 65536K, used 28401K [0x0000000084e00000, 0x0000000100000000)
  region size 1024K, 4 young (4096K), 4 survivors (4096K)
 Metaspace       used 32241K, committed 32640K, reserved 1114112K
  class space    used 3866K, committed 4032K, reserved 1048576K
}
Event: 156.832 GC heap before
{Heap before GC invocations=8 (full 0):
 garbage-first heap   total reserved 2017280K, committed 65536K, used 56049K [0x0000000084e00000, 0x0000000100000000)
  region size 1024K, 28 young (28672K), 4 survivors (4096K)
 Metaspace       used 32426K, committed 32896K, reserved 1114112K
  class space    used 3877K, committed 4096K, reserved 1048576K
}
Event: 156.842 GC heap after
{Heap after GC invocations=9 (full 0):
 garbage-first heap   total reserved 2017280K, committed 65536K, used 33393K [0x0000000084e00000, 0x0000000100000000)
  region size 1024K, 4 young (4096K), 4 survivors (4096K)
 Metaspace       used 32426K, committed 32896K, reserved 1114112K
  class space    used 3877K, committed 4096K, reserved 1048576K
}

Dll operation events (20 events):
Event: 0.687 Loaded shared library C:\Users\pvrre\Downloads\openjfx-25_windows-x64_bin-sdk\javafx-sdk-25\bin\api-ms-win-crt-multibyte-l1-1-0.dll
Event: 0.689 Loaded shared library C:\Users\pvrre\Downloads\openjfx-25_windows-x64_bin-sdk\javafx-sdk-25\bin\api-ms-win-crt-private-l1-1-0.dll
Event: 0.692 Loaded shared library C:\Users\pvrre\Downloads\openjfx-25_windows-x64_bin-sdk\javafx-sdk-25\bin\api-ms-win-crt-process-l1-1-0.dll
Event: 0.695 Loaded shared library C:\Users\pvrre\Downloads\openjfx-25_windows-x64_bin-sdk\javafx-sdk-25\bin\api-ms-win-crt-runtime-l1-1-0.dll
Event: 0.697 Loaded shared library C:\Users\pvrre\Downloads\openjfx-25_windows-x64_bin-sdk\javafx-sdk-25\bin\api-ms-win-crt-stdio-l1-1-0.dll
Event: 0.699 Loaded shared library C:\Users\pvrre\Downloads\openjfx-25_windows-x64_bin-sdk\javafx-sdk-25\bin\api-ms-win-crt-string-l1-1-0.dll
Event: 0.701 Loaded shared library C:\Users\pvrre\Downloads\openjfx-25_windows-x64_bin-sdk\javafx-sdk-25\bin\api-ms-win-crt-time-l1-1-0.dll
Event: 0.705 Loaded shared library C:\Users\pvrre\Downloads\openjfx-25_windows-x64_bin-sdk\javafx-sdk-25\bin\api-ms-win-crt-utility-l1-1-0.dll
Event: 0.715 Loaded shared library C:\Users\pvrre\Downloads\openjfx-25_windows-x64_bin-sdk\javafx-sdk-25\bin\ucrtbase.dll
Event: 0.718 Loaded shared library C:\Users\pvrre\Downloads\openjfx-25_windows-x64_bin-sdk\javafx-sdk-25\bin\vcruntime140.dll
Event: 0.722 Loaded shared library C:\Users\pvrre\Downloads\openjfx-25_windows-x64_bin-sdk\javafx-sdk-25\bin\vcruntime140_1.dll
Event: 0.725 Loaded shared library C:\Users\pvrre\Downloads\openjfx-25_windows-x64_bin-sdk\javafx-sdk-25\bin\msvcp140.dll
Event: 0.728 Loaded shared library C:\Users\pvrre\Downloads\openjfx-25_windows-x64_bin-sdk\javafx-sdk-25\bin\msvcp140_1.dll
Event: 0.731 Loaded shared library C:\Users\pvrre\Downloads\openjfx-25_windows-x64_bin-sdk\javafx-sdk-25\bin\msvcp140_2.dll
Event: 0.785 Loaded shared library C:\Users\pvrre\Downloads\openjfx-25_windows-x64_bin-sdk\javafx-sdk-25\bin\prism_d3d.dll
Event: 0.877 Loaded shared library C:\Users\pvrre\Downloads\openjfx-25_windows-x64_bin-sdk\javafx-sdk-25\bin\glass.dll
Event: 1.199 Loaded shared library C:\Program Files\Java\jdk-24\bin\jimage.dll
Event: 1.654 Loaded shared library C:\Users\pvrre\Downloads\openjfx-25_windows-x64_bin-sdk\javafx-sdk-25\bin\javafx_font.dll
Event: 9.345 Loaded shared library C:\Program Files\Java\jdk-24\bin\sunmscapi.dll
Event: 165.707 Loaded shared library C:\Program Files\Java\jdk-24\bin\awt.dll

Deoptimization events (20 events):
Event: 156.859 Thread 0x000002040b43af30 Uncommon trap: trap_request=0xffffff4d fr.pc=0x00000203b89a7788 relative=0x0000000000001da8
Event: 156.859 Thread 0x000002040b43af30 Uncommon trap: reason=unstable_if action=reinterpret pc=0x00000203b89a7788 method=com.sun.scenario.effect.impl.ImagePool.checkOut(Lcom/sun/scenario/effect/impl/Renderer;II)Lcom/sun/scenario/effect/impl/PoolFilterable; @ 1 c2
Event: 156.859 Thread 0x000002040b43af30 DEOPT PACKING pc=0x00000203b89a7788 sp=0x0000009e697fd3a0
Event: 156.859 Thread 0x000002040b43af30 DEOPT UNPACKING pc=0x00000203b8146f82 sp=0x0000009e697fd348 mode 2
Event: 160.297 Thread 0x000002040b43af30 DEOPT PACKING pc=0x00000203b1bdedca sp=0x0000009e697fdd00
Event: 160.297 Thread 0x000002040b43af30 DEOPT UNPACKING pc=0x00000203b8085722 sp=0x0000009e697fd250 mode 0
Event: 161.115 Thread 0x000002040c0c3190 DEOPT PACKING pc=0x00000203b13f1d2f sp=0x0000009e69bfc610
Event: 161.115 Thread 0x000002040c0c3190 DEOPT UNPACKING pc=0x00000203b8085722 sp=0x0000009e69bfba90 mode 0
Event: 161.132 Thread 0x000002040c0c3190 Uncommon trap: trap_request=0xffffff76 fr.pc=0x00000203b8a53650 relative=0x0000000000000490
Event: 161.132 Thread 0x000002040c0c3190 Uncommon trap: reason=predicate action=maybe_recompile pc=0x00000203b8a53650 method=java.util.AbstractCollection.toArray([Ljava/lang/Object;)[Ljava/lang/Object; @ 43 c2
Event: 161.133 Thread 0x000002040c0c3190 DEOPT PACKING pc=0x00000203b8a53650 sp=0x0000009e69bfc8b0
Event: 161.133 Thread 0x000002040c0c3190 DEOPT UNPACKING pc=0x00000203b8146f82 sp=0x0000009e69bfc680 mode 2
Event: 165.786 Thread 0x000002040c0c3190 Uncommon trap: trap_request=0xffffff4d fr.pc=0x00000203b88a4134 relative=0x0000000000000114
Event: 165.786 Thread 0x000002040c0c3190 Uncommon trap: reason=unstable_if action=reinterpret pc=0x00000203b88a4134 method=java.lang.ThreadLocal$ThreadLocalMap.getEntry(Ljava/lang/ThreadLocal;)Ljava/lang/ThreadLocal$ThreadLocalMap$Entry; @ 29 c2
Event: 165.786 Thread 0x000002040c0c3190 DEOPT PACKING pc=0x00000203b88a4134 sp=0x0000009e69bfdc90
Event: 165.786 Thread 0x000002040c0c3190 DEOPT UNPACKING pc=0x00000203b8146f82 sp=0x0000009e69bfdb58 mode 2
Event: 165.787 Thread 0x000002040c0c3190 Uncommon trap: trap_request=0xffffff4d fr.pc=0x00000203b875971c relative=0x00000000000000fc
Event: 165.787 Thread 0x000002040c0c3190 Uncommon trap: reason=unstable_if action=reinterpret pc=0x00000203b875971c method=java.lang.ThreadLocal$ThreadLocalMap.getEntry(Ljava/lang/ThreadLocal;)Ljava/lang/ThreadLocal$ThreadLocalMap$Entry; @ 29 c2
Event: 165.787 Thread 0x000002040c0c3190 DEOPT PACKING pc=0x00000203b875971c sp=0x0000009e69bfd9e0
Event: 165.787 Thread 0x000002040c0c3190 DEOPT UNPACKING pc=0x00000203b8146f82 sp=0x0000009e69bfd910 mode 2

Classes loaded (20 events):
Event: 165.797 Loading class sun/awt/shell/Win32ShellFolderManager2$ComInvoker
Event: 165.797 Loading class sun/awt/shell/ShellFolder$Invoker
Event: 165.797 Loading class sun/awt/shell/ShellFolder$Invoker done
Event: 165.797 Loading class sun/awt/shell/Win32ShellFolderManager2$ComInvoker done
Event: 165.797 Loading class sun/awt/shell/ShellFolder$3
Event: 165.797 Loading class sun/awt/shell/ShellFolder$3 done
Event: 165.797 Loading class sun/awt/shell/ShellFolder$4
Event: 165.797 Loading class sun/awt/shell/ShellFolder$4 done
Event: 165.798 Loading class sun/awt/shell/Win32ShellFolderManager2$ComInvoker$1
Event: 165.798 Loading class sun/awt/shell/Win32ShellFolderManager2$ComInvoker$1 done
Event: 166.785 Loading class java/util/IdentityHashMap$ValueIterator
Event: 166.786 Loading class java/util/IdentityHashMap$ValueIterator done
Event: 166.786 Loading class sun/awt/AppContext$PostShutdownEventRunnable
Event: 166.786 Loading class sun/awt/AppContext$PostShutdownEventRunnable done
Event: 166.786 Loading class sun/awt/AWTAutoShutdown$1
Event: 166.786 Loading class sun/awt/AWTAutoShutdown$1 done
Event: 183.048 Loading class java/lang/Throwable$WrappedPrintStream
Event: 183.048 Loading class java/lang/Throwable$PrintStreamOrWriter
Event: 183.049 Loading class java/lang/Throwable$PrintStreamOrWriter done
Event: 183.049 Loading class java/lang/Throwable$WrappedPrintStream done

Classes unloaded (0 events):
No events

Classes redefined (0 events):
No events

Internal exceptions (20 events):
Event: 104.943 Thread 0x000002040b43af30 Implicit null exception at 0x00000203b887184e to 0x00000203b88718bc
Event: 110.433 Thread 0x000002040b101f00 Exception <a 'java/io/IOException'{0x0000000087272b58}> (0x0000000087272b58) 
thrown [s\open\src\hotspot\share\prims\jni.cpp, line 518]
Event: 112.962 Thread 0x000002040c0c3190 Exception <a 'java/io/FileNotFoundException'{0x0000000087172880}> (0x0000000087172880) 
thrown [s\open\src\hotspot\share\prims\jni.cpp, line 518]
Event: 114.647 Thread 0x000002040c0c3190 Exception <a 'java/io/FileNotFoundException'{0x000000008c9ac278}> (0x000000008c9ac278) 
thrown [s\open\src\hotspot\share\prims\jni.cpp, line 518]
Event: 117.115 Thread 0x000002040c0c3190 Exception <a 'java/io/FileNotFoundException'{0x0000000088546dd8}> (0x0000000088546dd8) 
thrown [s\open\src\hotspot\share\prims\jni.cpp, line 518]
Event: 118.058 Thread 0x000002040c0c3190 Exception <a 'java/io/FileNotFoundException'{0x000000008846a7f0}> (0x000000008846a7f0) 
thrown [s\open\src\hotspot\share\prims\jni.cpp, line 518]
Event: 127.494 Thread 0x000002040c0c3190 Exception <a 'java/io/FileNotFoundException'{0x0000000088000ca0}> (0x0000000088000ca0) 
thrown [s\open\src\hotspot\share\prims\jni.cpp, line 518]
Event: 128.846 Thread 0x000002040c0c3190 Exception <a 'java/io/FileNotFoundException'{0x0000000087fb7d00}> (0x0000000087fb7d00) 
thrown [s\open\src\hotspot\share\prims\jni.cpp, line 518]
Event: 131.130 Thread 0x000002040b43af30 Implicit null exception at 0x00000203b88a5cd2 to 0x00000203b88a5d50
Event: 143.703 Thread 0x000002040c0c3190 Exception <a 'java/io/IOException'{0x0000000087fa20e8}> (0x0000000087fa20e8) 
thrown [s\open\src\hotspot\share\prims\jni.cpp, line 518]
Event: 143.725 Thread 0x000002040c0c3190 Implicit null exception at 0x00000203b89ada51 to 0x00000203b89adae4
Event: 145.048 Thread 0x000002040c0c3190 Exception <a 'java/io/FileNotFoundException'{0x0000000087e22990}> (0x0000000087e22990) 
thrown [s\open\src\hotspot\share\prims\jni.cpp, line 518]
Event: 146.110 Thread 0x000002040c0c3190 Exception <a 'java/io/FileNotFoundException'{0x0000000087d209b0}> (0x0000000087d209b0) 
thrown [s\open\src\hotspot\share\prims\jni.cpp, line 518]
Event: 155.903 Thread 0x000002040c0c3190 Exception <a 'java/io/FileNotFoundException'{0x0000000087ac2260}> (0x0000000087ac2260) 
thrown [s\open\src\hotspot\share\prims\jni.cpp, line 518]
Event: 156.814 Thread 0x000002040c0c3190 Exception <a 'java/io/FileNotFoundException'{0x0000000087895720}> (0x0000000087895720) 
thrown [s\open\src\hotspot\share\prims\jni.cpp, line 518]
Event: 159.418 Thread 0x000002040c0c3190 Exception <a 'java/io/FileNotFoundException'{0x000000008c44d4f0}> (0x000000008c44d4f0) 
thrown [s\open\src\hotspot\share\prims\jni.cpp, line 518]
Event: 161.128 Thread 0x000002040c0c3190 Exception <a 'java/io/FileNotFoundException'{0x00000000888634e0}> (0x00000000888634e0) 
thrown [s\open\src\hotspot\share\prims\jni.cpp, line 518]
Event: 165.690 Thread 0x000002040c0c3190 Exception <a 'java/lang/ClassNotFoundException'{0x0000000088273d48}: sun/awt/resources/spi/awtProvider> (0x0000000088273d48) 
thrown [s\open\src\hotspot\share\classfile\systemDictionary.cpp, line 327]
Event: 165.709 Thread 0x000002040c0c3190 Exception <a 'java/io/FileNotFoundException'{0x0000000088276730}> (0x0000000088276730) 
thrown [s\open\src\hotspot\share\prims\jni.cpp, line 518]
Event: 165.709 Thread 0x000002040c0c3190 Exception <a 'java/io/FileNotFoundException'{0x00000000882773f0}> (0x00000000882773f0) 
thrown [s\open\src\hotspot\share\prims\jni.cpp, line 518]

VM Operations (20 events):
Event: 112.977 Executing VM operation: G1CollectForAllocation (G1 Evacuation Pause)
Event: 112.982 Executing VM operation: G1CollectForAllocation (G1 Evacuation Pause) done
Event: 120.315 Executing VM operation: HandshakeAllThreads (HandshakeForDeflation)
Event: 120.315 Executing VM operation: HandshakeAllThreads (HandshakeForDeflation) done
Event: 120.315 Executing VM operation: RendezvousGCThreads
Event: 120.315 Executing VM operation: RendezvousGCThreads done
Event: 130.943 Executing VM operation: HandshakeAllThreads (Deoptimize)
Event: 130.943 Executing VM operation: HandshakeAllThreads (Deoptimize) done
Event: 131.112 Executing VM operation: G1CollectForAllocation (G1 Evacuation Pause)
Event: 131.128 Executing VM operation: G1CollectForAllocation (G1 Evacuation Pause) done
Event: 156.832 Executing VM operation: G1CollectForAllocation (G1 Evacuation Pause)
Event: 156.842 Executing VM operation: G1CollectForAllocation (G1 Evacuation Pause) done
Event: 165.785 Executing VM operation: HandshakeAllThreads (Deoptimize)
Event: 165.785 Executing VM operation: HandshakeAllThreads (Deoptimize) done
Event: 165.795 Executing VM operation: HandshakeAllThreads (Deoptimize)
Event: 165.795 Executing VM operation: HandshakeAllThreads (Deoptimize) done
Event: 180.452 Executing VM operation: HandshakeAllThreads (HandshakeForDeflation)
Event: 180.452 Executing VM operation: HandshakeAllThreads (HandshakeForDeflation) done
Event: 180.452 Executing VM operation: RendezvousGCThreads
Event: 180.452 Executing VM operation: RendezvousGCThreads done

Memory protections (0 events):
No events

Nmethod flushes (0 events):
No events

Events (20 events):
Event: 141.257 Thread 0x0000020411edcf80 Thread exited: 0x0000020411edcf80
Event: 155.914 Thread 0x00000203c4d8c050 Thread added: 0x0000020411ede630
Event: 156.329 Thread 0x0000020411ede630 Thread exited: 0x0000020411ede630
Event: 156.823 Thread 0x00000203c4d8c050 Thread added: 0x0000020411ede630
Event: 156.823 Thread 0x00000203c4d8c050 Thread added: 0x0000020411ededc0
Event: 157.149 Thread 0x0000020411ededc0 Thread exited: 0x0000020411ededc0
Event: 159.290 Thread 0x0000020411ede630 Thread exited: 0x0000020411ede630
Event: 159.425 Thread 0x00000203c4d802c0 Thread added: 0x0000020411edcf80
Event: 160.298 Thread 0x0000020411edcf80 Thread exited: 0x0000020411edcf80
Event: 161.161 Thread 0x00000203c4d802c0 Thread added: 0x0000020411ede630
Event: 161.162 Thread 0x00000203c4d802c0 Thread added: 0x0000020411ededc0
Event: 164.054 Thread 0x0000020411ededc0 Thread exited: 0x0000020411ededc0
Event: 164.054 Thread 0x0000020411ede630 Thread exited: 0x0000020411ede630
Event: 165.777 Thread 0x000002040c0c3190 Thread added: 0x000002040b100910
Event: 165.778 Thread 0x000002040c0c3190 Thread added: 0x000002040b102650
Event: 165.778 Thread 0x000002040c0c3190 Thread added: 0x000002040b1034f0
Event: 165.798 Thread 0x000002040c0c3190 Thread added: 0x000002040b101060
Event: 166.786 Thread 0x000002040b102650 Thread exited: 0x000002040b102650
Event: 167.329 Thread 0x000002040b1034f0 Thread added: 0x000002040b102650
Event: 168.365 Thread 0x000002040b102650 Thread exited: 0x000002040b102650


Dynamic libraries:
0x00007ff7473a0000 - 0x00007ff7473b0000 	C:\Program Files\Java\jdk-24\bin\java.exe
0x00007fff17360000 - 0x00007fff175c8000 	C:\WINDOWS\SYSTEM32\ntdll.dll
0x00007fff16100000 - 0x00007fff161c9000 	C:\WINDOWS\System32\KERNEL32.DLL
0x00007fff14730000 - 0x00007fff14b22000 	C:\WINDOWS\System32\KERNELBASE.dll
0x00007fff14fe0000 - 0x00007fff1512b000 	C:\WINDOWS\System32\ucrtbase.dll
0x00007fff09020000 - 0x00007fff0903b000 	C:\Program Files\Java\jdk-24\bin\VCRUNTIME140.dll
0x00007ffeff870000 - 0x00007ffeff886000 	C:\Program Files\Java\jdk-24\bin\jli.dll
0x00007fff16950000 - 0x00007fff16b15000 	C:\WINDOWS\System32\USER32.dll
0x00007fff144f0000 - 0x00007fff14517000 	C:\WINDOWS\System32\win32u.dll
0x00007ffefbc10000 - 0x00007ffefbea3000 	C:\WINDOWS\WinSxS\amd64_microsoft.windows.common-controls_6595b64144ccf1df_6.0.26100.6899_none_3e0efeeae32e88c1\COMCTL32.dll
0x00007fff165f0000 - 0x00007fff1661b000 	C:\WINDOWS\System32\GDI32.dll
0x00007fff14d40000 - 0x00007fff14e6d000 	C:\WINDOWS\System32\gdi32full.dll
0x00007fff16fb0000 - 0x00007fff17059000 	C:\WINDOWS\System32\msvcrt.dll
0x00007fff14680000 - 0x00007fff14723000 	C:\WINDOWS\System32\msvcp_win.dll
0x00007fff160c0000 - 0x00007fff160ef000 	C:\WINDOWS\System32\IMM32.DLL
0x00007fff0e210000 - 0x00007fff0e21c000 	C:\Program Files\Java\jdk-24\bin\vcruntime140_1.dll
0x00007ffeefd40000 - 0x00007ffeefdce000 	C:\Program Files\Java\jdk-24\bin\msvcp140.dll
0x00007ffe7c0d0000 - 0x00007ffe7ce72000 	C:\Program Files\Java\jdk-24\bin\server\jvm.dll
0x00007fff161d0000 - 0x00007fff16284000 	C:\WINDOWS\System32\ADVAPI32.dll
0x00007fff15fe0000 - 0x00007fff16086000 	C:\WINDOWS\System32\sechost.dll
0x00007fff16730000 - 0x00007fff16848000 	C:\WINDOWS\System32\RPCRT4.dll
0x00007fff16290000 - 0x00007fff16304000 	C:\WINDOWS\System32\WS2_32.dll
0x00007fff110f0000 - 0x00007fff11125000 	C:\WINDOWS\SYSTEM32\WINMM.dll
0x00007fff14350000 - 0x00007fff143ae000 	C:\WINDOWS\SYSTEM32\POWRPROF.dll
0x00007ffefdf10000 - 0x00007ffefdf1b000 	C:\WINDOWS\SYSTEM32\VERSION.dll
0x00007fff14330000 - 0x00007fff14344000 	C:\WINDOWS\SYSTEM32\UMPDC.dll
0x00007fff13290000 - 0x00007fff132ab000 	C:\WINDOWS\SYSTEM32\kernel.appcore.dll
0x00007fff083a0000 - 0x00007fff083aa000 	C:\Program Files\Java\jdk-24\bin\jimage.dll
0x00007fff11e40000 - 0x00007fff12082000 	C:\WINDOWS\SYSTEM32\DBGHELP.DLL
0x00007fff15c60000 - 0x00007fff15fdb000 	C:\WINDOWS\System32\combase.dll
0x00007fff16310000 - 0x00007fff163e7000 	C:\WINDOWS\System32\OLEAUT32.dll
0x00007ffefb450000 - 0x00007ffefb48c000 	C:\WINDOWS\SYSTEM32\dbgcore.DLL
0x00007fff145e0000 - 0x00007fff14678000 	C:\WINDOWS\System32\bcryptPrimitives.dll
0x00007ffefb540000 - 0x00007ffefb54f000 	C:\Program Files\Java\jdk-24\bin\instrument.dll
0x00007ffef6190000 - 0x00007ffef61ae000 	C:\Program Files\Java\jdk-24\bin\java.dll
0x00007fff16440000 - 0x00007fff165d8000 	C:\WINDOWS\System32\ole32.dll
0x00007fff152b0000 - 0x00007fff159fd000 	C:\WINDOWS\System32\SHELL32.dll
0x00007fff14e70000 - 0x00007fff14fdb000 	C:\WINDOWS\System32\wintypes.dll
0x00007fff12100000 - 0x00007fff1295d000 	C:\WINDOWS\SYSTEM32\windows.storage.dll
0x00007fff16850000 - 0x00007fff16942000 	C:\WINDOWS\System32\SHCORE.dll
0x00007fff15bf0000 - 0x00007fff15c52000 	C:\WINDOWS\System32\shlwapi.dll
0x00007fff14410000 - 0x00007fff14439000 	C:\WINDOWS\SYSTEM32\profapi.dll
0x00007ffed3250000 - 0x00007ffed3327000 	C:\Program Files\Java\jdk-24\bin\jsvml.dll
0x00007ffef6290000 - 0x00007ffef62a0000 	C:\Program Files\Java\jdk-24\bin\net.dll
0x00007fff13810000 - 0x00007fff1387b000 	C:\WINDOWS\system32\mswsock.dll
0x00007ffef6140000 - 0x00007ffef6156000 	C:\Program Files\Java\jdk-24\bin\nio.dll
0x00007ffef3b00000 - 0x00007ffef3b17000 	C:\Program Files\Java\jdk-24\bin\zip.dll
0x00007ffef20f0000 - 0x00007ffef20f9000 	C:\Program Files\Java\jdk-24\bin\extnet.dll
0x00000203a6130000 - 0x00000203a6134000 	C:\Users\pvrre\Downloads\openjfx-25_windows-x64_bin-sdk\javafx-sdk-25\bin\api-ms-win-core-console-l1-1-0.dll
0x00000203a6140000 - 0x00000203a6144000 	C:\Users\pvrre\Downloads\openjfx-25_windows-x64_bin-sdk\javafx-sdk-25\bin\api-ms-win-core-console-l1-2-0.dll
0x00000203a6150000 - 0x00000203a6154000 	C:\Users\pvrre\Downloads\openjfx-25_windows-x64_bin-sdk\javafx-sdk-25\bin\api-ms-win-core-datetime-l1-1-0.dll
0x00000203a81b0000 - 0x00000203a81b4000 	C:\Users\pvrre\Downloads\openjfx-25_windows-x64_bin-sdk\javafx-sdk-25\bin\api-ms-win-core-debug-l1-1-0.dll
0x00000203a81c0000 - 0x00000203a81c4000 	C:\Users\pvrre\Downloads\openjfx-25_windows-x64_bin-sdk\javafx-sdk-25\bin\api-ms-win-core-errorhandling-l1-1-0.dll
0x00000203a81d0000 - 0x00000203a81d5000 	C:\Users\pvrre\Downloads\openjfx-25_windows-x64_bin-sdk\javafx-sdk-25\bin\api-ms-win-core-file-l1-1-0.dll
0x00000203a81e0000 - 0x00000203a81e4000 	C:\Users\pvrre\Downloads\openjfx-25_windows-x64_bin-sdk\javafx-sdk-25\bin\api-ms-win-core-file-l1-2-0.dll
0x00000203a81f0000 - 0x00000203a81f4000 	C:\Users\pvrre\Downloads\openjfx-25_windows-x64_bin-sdk\javafx-sdk-25\bin\api-ms-win-core-file-l2-1-0.dll
0x00000203a8200000 - 0x00000203a8204000 	C:\Users\pvrre\Downloads\openjfx-25_windows-x64_bin-sdk\javafx-sdk-25\bin\api-ms-win-core-handle-l1-1-0.dll
0x00000203a8210000 - 0x00000203a8214000 	C:\Users\pvrre\Downloads\openjfx-25_windows-x64_bin-sdk\javafx-sdk-25\bin\api-ms-win-core-heap-l1-1-0.dll
0x00000203c5920000 - 0x00000203c5924000 	C:\Users\pvrre\Downloads\openjfx-25_windows-x64_bin-sdk\javafx-sdk-25\bin\api-ms-win-core-interlocked-l1-1-0.dll
0x00000203c5930000 - 0x00000203c5934000 	C:\Users\pvrre\Downloads\openjfx-25_windows-x64_bin-sdk\javafx-sdk-25\bin\api-ms-win-core-libraryloader-l1-1-0.dll
0x00000203c5940000 - 0x00000203c5944000 	C:\Users\pvrre\Downloads\openjfx-25_windows-x64_bin-sdk\javafx-sdk-25\bin\api-ms-win-core-localization-l1-2-0.dll
0x00000203c5950000 - 0x00000203c5954000 	C:\Users\pvrre\Downloads\openjfx-25_windows-x64_bin-sdk\javafx-sdk-25\bin\api-ms-win-core-memory-l1-1-0.dll
0x00000203c5960000 - 0x00000203c5964000 	C:\Users\pvrre\Downloads\openjfx-25_windows-x64_bin-sdk\javafx-sdk-25\bin\api-ms-win-core-namedpipe-l1-1-0.dll
0x00000203c5970000 - 0x00000203c5974000 	C:\Users\pvrre\Downloads\openjfx-25_windows-x64_bin-sdk\javafx-sdk-25\bin\api-ms-win-core-processenvironment-l1-1-0.dll
0x00000203c5980000 - 0x00000203c5984000 	C:\Users\pvrre\Downloads\openjfx-25_windows-x64_bin-sdk\javafx-sdk-25\bin\api-ms-win-core-processthreads-l1-1-0.dll
0x00000203c5990000 - 0x00000203c5994000 	C:\Users\pvrre\Downloads\openjfx-25_windows-x64_bin-sdk\javafx-sdk-25\bin\api-ms-win-core-processthreads-l1-1-1.dll
0x00000203c59a0000 - 0x00000203c59a4000 	C:\Users\pvrre\Downloads\openjfx-25_windows-x64_bin-sdk\javafx-sdk-25\bin\api-ms-win-core-profile-l1-1-0.dll
0x00000203c59b0000 - 0x00000203c59b4000 	C:\Users\pvrre\Downloads\openjfx-25_windows-x64_bin-sdk\javafx-sdk-25\bin\api-ms-win-core-rtlsupport-l1-1-0.dll
0x00000203c59c0000 - 0x00000203c59c4000 	C:\Users\pvrre\Downloads\openjfx-25_windows-x64_bin-sdk\javafx-sdk-25\bin\api-ms-win-core-string-l1-1-0.dll
0x00000203c59d0000 - 0x00000203c59d4000 	C:\Users\pvrre\Downloads\openjfx-25_windows-x64_bin-sdk\javafx-sdk-25\bin\api-ms-win-core-synch-l1-1-0.dll
0x00000203c59e0000 - 0x00000203c59e4000 	C:\Users\pvrre\Downloads\openjfx-25_windows-x64_bin-sdk\javafx-sdk-25\bin\api-ms-win-core-synch-l1-2-0.dll
0x00000203c59f0000 - 0x00000203c59f4000 	C:\Users\pvrre\Downloads\openjfx-25_windows-x64_bin-sdk\javafx-sdk-25\bin\api-ms-win-core-sysinfo-l1-1-0.dll
0x00000203c5a00000 - 0x00000203c5a04000 	C:\Users\pvrre\Downloads\openjfx-25_windows-x64_bin-sdk\javafx-sdk-25\bin\api-ms-win-core-timezone-l1-1-0.dll
0x00000203c5a10000 - 0x00000203c5a14000 	C:\Users\pvrre\Downloads\openjfx-25_windows-x64_bin-sdk\javafx-sdk-25\bin\api-ms-win-core-util-l1-1-0.dll
0x00000203c5a20000 - 0x00000203c5a24000 	C:\Users\pvrre\Downloads\openjfx-25_windows-x64_bin-sdk\javafx-sdk-25\bin\api-ms-win-crt-conio-l1-1-0.dll
0x00000203c5a30000 - 0x00000203c5a35000 	C:\Users\pvrre\Downloads\openjfx-25_windows-x64_bin-sdk\javafx-sdk-25\bin\api-ms-win-crt-convert-l1-1-0.dll
0x00000203c5a40000 - 0x00000203c5a44000 	C:\Users\pvrre\Downloads\openjfx-25_windows-x64_bin-sdk\javafx-sdk-25\bin\api-ms-win-crt-environment-l1-1-0.dll
0x00000203c5a50000 - 0x00000203c5a54000 	C:\Users\pvrre\Downloads\openjfx-25_windows-x64_bin-sdk\javafx-sdk-25\bin\api-ms-win-crt-filesystem-l1-1-0.dll
0x00000203c5a60000 - 0x00000203c5a64000 	C:\Users\pvrre\Downloads\openjfx-25_windows-x64_bin-sdk\javafx-sdk-25\bin\api-ms-win-crt-heap-l1-1-0.dll
0x00000203c5a70000 - 0x00000203c5a74000 	C:\Users\pvrre\Downloads\openjfx-25_windows-x64_bin-sdk\javafx-sdk-25\bin\api-ms-win-crt-locale-l1-1-0.dll
0x00000203c5a80000 - 0x00000203c5a86000 	C:\Users\pvrre\Downloads\openjfx-25_windows-x64_bin-sdk\javafx-sdk-25\bin\api-ms-win-crt-math-l1-1-0.dll
0x00000203c5a90000 - 0x00000203c5a96000 	C:\Users\pvrre\Downloads\openjfx-25_windows-x64_bin-sdk\javafx-sdk-25\bin\api-ms-win-crt-multibyte-l1-1-0.dll
0x00000203c5aa0000 - 0x00000203c5ab1000 	C:\Users\pvrre\Downloads\openjfx-25_windows-x64_bin-sdk\javafx-sdk-25\bin\api-ms-win-crt-private-l1-1-0.dll
0x00000203c5ac0000 - 0x00000203c5ac4000 	C:\Users\pvrre\Downloads\openjfx-25_windows-x64_bin-sdk\javafx-sdk-25\bin\api-ms-win-crt-process-l1-1-0.dll
0x00000203c5ad0000 - 0x00000203c5ad5000 	C:\Users\pvrre\Downloads\openjfx-25_windows-x64_bin-sdk\javafx-sdk-25\bin\api-ms-win-crt-runtime-l1-1-0.dll
0x00000203c5ae0000 - 0x00000203c5ae5000 	C:\Users\pvrre\Downloads\openjfx-25_windows-x64_bin-sdk\javafx-sdk-25\bin\api-ms-win-crt-stdio-l1-1-0.dll
0x00000203c5af0000 - 0x00000203c5af5000 	C:\Users\pvrre\Downloads\openjfx-25_windows-x64_bin-sdk\javafx-sdk-25\bin\api-ms-win-crt-string-l1-1-0.dll
0x00000203c5b00000 - 0x00000203c5b04000 	C:\Users\pvrre\Downloads\openjfx-25_windows-x64_bin-sdk\javafx-sdk-25\bin\api-ms-win-crt-time-l1-1-0.dll
0x00000203c5b10000 - 0x00000203c5b14000 	C:\Users\pvrre\Downloads\openjfx-25_windows-x64_bin-sdk\javafx-sdk-25\bin\api-ms-win-crt-utility-l1-1-0.dll
0x00007ffea9b70000 - 0x00007ffea9c81000 	C:\Users\pvrre\Downloads\openjfx-25_windows-x64_bin-sdk\javafx-sdk-25\bin\ucrtbase.dll
0x00007ffed3010000 - 0x00007ffed302e000 	C:\Users\pvrre\Downloads\openjfx-25_windows-x64_bin-sdk\javafx-sdk-25\bin\vcruntime140.dll
0x00007ffedab10000 - 0x00007ffedab1c000 	C:\Users\pvrre\Downloads\openjfx-25_windows-x64_bin-sdk\javafx-sdk-25\bin\vcruntime140_1.dll
0x00007ffeb3570000 - 0x00007ffeb35fd000 	C:\Users\pvrre\Downloads\openjfx-25_windows-x64_bin-sdk\javafx-sdk-25\bin\msvcp140.dll
0x00007ffedaa90000 - 0x00007ffedaa99000 	C:\Users\pvrre\Downloads\openjfx-25_windows-x64_bin-sdk\javafx-sdk-25\bin\msvcp140_1.dll
0x00007ffebf3b0000 - 0x00007ffebf3f1000 	C:\Users\pvrre\Downloads\openjfx-25_windows-x64_bin-sdk\javafx-sdk-25\bin\msvcp140_2.dll
0x00007ffed2cd0000 - 0x00007ffed2d00000 	C:\Users\pvrre\Downloads\openjfx-25_windows-x64_bin-sdk\javafx-sdk-25\bin\prism_d3d.dll
0x00007ffe86a10000 - 0x00007ffe86bc0000 	C:\WINDOWS\system32\d3d9.dll
0x00007fff11480000 - 0x00007fff114ad000 	C:\WINDOWS\SYSTEM32\dwmapi.dll
0x00007fff115d0000 - 0x00007fff11614000 	C:\WINDOWS\SYSTEM32\dxcore.dll
0x00007fff111b0000 - 0x00007fff1125a000 	C:\WINDOWS\system32\uxtheme.dll
0x00007ffe951e0000 - 0x00007ffe9547f000 	C:\WINDOWS\System32\DriverStore\FileRepository\iigd_dch.inf_amd64_f344d94c9bb38be4\igdumdim64.dll
0x00007ffe937d0000 - 0x00007ffe951d8000 	C:\WINDOWS\System32\DriverStore\FileRepository\iigd_dch.inf_amd64_f344d94c9bb38be4\igd9trinity64.dll
0x00007fff11320000 - 0x00007fff1145b000 	C:\WINDOWS\system32\dxgi.dll
0x00007fff062f0000 - 0x00007fff0689a000 	C:\WINDOWS\System32\DriverStore\FileRepository\iigd_dch.inf_amd64_f344d94c9bb38be4\igdgmm64.dll
0x00007fff00cd0000 - 0x00007fff05f44000 	C:\WINDOWS\System32\DriverStore\FileRepository\iigd_dch.inf_amd64_f344d94c9bb38be4\igc64.dll
0x00007ffec66f0000 - 0x00007ffec673d000 	C:\WINDOWS\SYSTEM32\ControlLib.dll
0x00007fff14040000 - 0x00007fff14097000 	C:\WINDOWS\SYSTEM32\CFGMGR32.dll
0x00007ffec6640000 - 0x00007ffec66ec000 	C:\WINDOWS\System32\DriverStore\FileRepository\iigd_dch.inf_amd64_f344d94c9bb38be4\IntelControlLib.dll
0x00007fff09b80000 - 0x00007fff09be3000 	C:\WINDOWS\SYSTEM32\directxdatabasehelper.dll
0x00007ffe914e0000 - 0x00007ffe92c04000 	C:\WINDOWS\System32\DriverStore\FileRepository\iigd_dch.inf_amd64_f344d94c9bb38be4\igd9dxva64.dll
0x00007fff16b20000 - 0x00007fff16fa8000 	C:\WINDOWS\System32\SETUPAPI.dll
0x00007ffee45e0000 - 0x00007ffee6660000 	C:\WINDOWS\System32\DriverStore\FileRepository\iigd_dch.inf_amd64_f344d94c9bb38be4\media_bin_64.dll
0x00007ffebe160000 - 0x00007ffebe1a9000 	C:\Users\pvrre\Downloads\openjfx-25_windows-x64_bin-sdk\javafx-sdk-25\bin\glass.dll
0x00007fff171c0000 - 0x00007fff172b3000 	C:\WINDOWS\System32\COMDLG32.dll
0x00007fff151f0000 - 0x00007fff152a1000 	C:\WINDOWS\System32\clbcatq.dll
0x00007ffef2210000 - 0x00007ffef2360000 	C:\Windows\System32\Windows.UI.dll
0x00007ffed9930000 - 0x00007ffed99eb000 	C:\Windows\System32\Windows.Networking.Connectivity.dll
0x00007ffeff200000 - 0x00007ffeff445000 	C:\Windows\System32\twinapi.appcore.dll
0x00007fff17060000 - 0x00007fff171bb000 	C:\WINDOWS\System32\MSCTF.dll
0x00007ffe934b0000 - 0x00007ffe93652000 	C:\WINDOWS\System32\DriverStore\FileRepository\iigd_dch.inf_amd64_f344d94c9bb38be4\igdml64.dll
0x00007ffee4530000 - 0x00007ffee4558000 	C:\WINDOWS\System32\DriverStore\FileRepository\iigd_dch.inf_amd64_f344d94c9bb38be4\igdinfo64.dll
0x00007ffede2b0000 - 0x00007ffede3fe000 	C:\Windows\System32\Windows.UI.Immersive.dll
0x00007fff08f80000 - 0x00007fff08f99000 	C:\WINDOWS\System32\npmproxy.dll
0x00007fff09980000 - 0x00007fff09a0e000 	C:\WINDOWS\SYSTEM32\wlanapi.dll
0x00007fff09950000 - 0x00007fff09972000 	C:\WINDOWS\SYSTEM32\MobileNetworking.dll
0x00007fff12c80000 - 0x00007fff12cb4000 	C:\Windows\System32\IPHLPAPI.DLL
0x00007fff15a00000 - 0x00007fff15a0a000 	C:\WINDOWS\System32\NSI.dll
0x00007ffed5c50000 - 0x00007ffed5c63000 	C:\Windows\System32\dusmapi.dll

JVMTI agents:
C:\Program Files\JetBrains\IntelliJ IDEA Community Edition 2025.2.2\lib\idea_rt.jar path:C:\Program Files\Java\jdk-24\bin\instrument.dll, loaded, initialized, instrumentlib options:50118

dbghelp: loaded successfully - version: 4.0.5 - missing functions: none
symbol engine: initialized successfully - sym options: 0x614 - pdb path: .;C:\Program Files\Java\jdk-24\bin;C:\WINDOWS\SYSTEM32;C:\WINDOWS\WinSxS\amd64_microsoft.windows.common-controls_6595b64144ccf1df_6.0.26100.6899_none_3e0efeeae32e88c1;C:\Program Files\Java\jdk-24\bin\server;C:\Users\pvrre\Downloads\openjfx-25_windows-x64_bin-sdk\javafx-sdk-25\bin;C:\WINDOWS\System32\DriverStore\FileRepository\iigd_dch.inf_amd64_f344d94c9bb38be4;C:\Program Files\Common Files\Microsoft Shared\Ink

VM Arguments:
jvm_args: --module-path=C:\Users\pvrre\Downloads\openjfx-25_windows-x64_bin-sdk\javafx-sdk-25\lib --add-modules=javafx.controls,javafx.fxml --enable-native-access=javafx.graphics -javaagent:C:\Program Files\JetBrains\IntelliJ IDEA Community Edition 2025.2.2\lib\idea_rt.jar=50118 -Dfile.encoding=UTF-8 -Dsun.stdout.encoding=UTF-8 -Dsun.stderr.encoding=UTF-8 
java_command: com.example.nyanam.Main
java_class_path (initial): C:\Users\pvrre\Downloads\Nyanam\Nyanam\target\classes;C:\Users\pvrre\.m2\repository\org\openjfx\javafx-controls\21.0.6\javafx-controls-21.0.6.jar;C:\Users\pvrre\.m2\repository\org\openjfx\javafx-controls\21.0.6\javafx-controls-21.0.6-win.jar;C:\Users\pvrre\.m2\repository\org\openjfx\javafx-graphics\21.0.6\javafx-graphics-21.0.6.jar;C:\Users\pvrre\.m2\repository\org\openjfx\javafx-graphics\21.0.6\javafx-graphics-21.0.6-win.jar;C:\Users\pvrre\.m2\repository\org\openjfx\javafx-base\21.0.6\javafx-base-21.0.6.jar;C:\Users\pvrre\.m2\repository\org\openjfx\javafx-base\21.0.6\javafx-base-21.0.6-win.jar;C:\Users\pvrre\.m2\repository\org\openjfx\javafx-fxml\21.0.6\javafx-fxml-21.0.6.jar;C:\Users\pvrre\.m2\repository\org\openjfx\javafx-fxml\21.0.6\javafx-fxml-21.0.6-win.jar;C:\Users\pvrre\.m2\repository\org\openjfx\javafx-web\21.0.6\javafx-web-21.0.6.jar;C:\Users\pvrre\.m2\repository\org\openjfx\javafx-web\21.0.6\javafx-web-21.0.6-win.jar;C:\Users\pvrre\.m2\repository\org\openjfx\javafx-swing\21.0.6\javafx-swing-21.0.6.jar;C:\Users\pvrre\.m2\repository\org\openjfx\javafx-swing\21.0.6\javafx-swing-21.0.6-win.jar;C:\Users\pvrre\.m2\repository\org\openjfx\javafx-media\21.0.6\javafx-media-21.0.6.jar;C:\Users\pvrre\.m2\repository\org\openjfx\javafx-media\21.0.6\javafx-media-21.0.6-win.jar;C:\Users\pvrre\.m2\repository\org\controlsfx\controlsfx\11.2.1\controlsfx-11.2.1.jar;C:\Users\pvrre\.m2\repository\com\dlsc\formsfx\formsfx-core\11.6.0\formsfx-core-11.6.0.jar;C:\Users\pvrre\.m2\repository\net\synedra\validatorfx\0.6.1\validatorfx-0.6.1.jar;C:\Users\pvrre\.m2\repository\org\kordamp\ikonli\ikonli-javafx\12.3.1\ikonli-javafx-12.3.1.jar;C:\Users\pvrre\.m2\repository\org\kordamp\ikonli\ikonli-core\12.3.1\ikonli-core-12.3.1.jar;C:\Users\pvrre\.m2\repository\org\kordamp\bootstrapfx\bootstrapfx-core\0.4.0\bootstrapfx-core-0.4.0.jar;C:\Users\pvrre\.m2\repository\eu\hansolo\tilesfx\21.0.9\tilesfx-21.0.9.jar;C:\Users\pvrre\.m2\repository\eu\hansolo\fx\countries\21.0.17\countries-21.0.17.jar;C:\Users\pvrre\.m2\repository\eu\hansolo\fx\heatmap\21.0.5\heatmap-21.0.5.jar;C:\Users\pvrre\.m2\repository\eu\hansolo\toolboxfx\21.0.5\toolboxfx-21.0.5.jar;C:\Users\pvrre\.m2\repository\eu\hansolo\toolbox\21.0.9\toolbox-21.0.9.jar;C:\Users\pvrre\.m2\repository\com\github\almasb\fxgl\17.3\fxgl-17.3.jar;C:\Users\pvrre\.m2\repository\com\github\almasb\fxgl-core\17.3\fxgl-core-17.3.jar;C:\Users\pvrre\.m2\repository\com\gluonhq\attach\audio\4.0.17\audio-4.0.17.jar;C:\Users\pvrre\.m2\repository\com\github\almasb\fxgl-io\17.3\fxgl-io-17.3.jar;C:\Users\pvrre\.m2\repository\com\gluonhq\attach\storage\4.0.17\storage-4.0.17.jar;C:\Users\pvrre\.m2\repository\com\gluonhq\attach\util\4.0.17\util-4.0.17.jar;C:\Users\pvrre\.m2\repository\com\github\almasb\fxgl-entity\17.3\fxgl-entity-17.3.jar;C:\Users\pvrre\.m2\repository\com\github\almasb\fxgl-scene\17.3\fxgl-scene-17.3.jar;C:\Users\pvrre\.m2\repository\com\github\almasb\fxgl-gameplay\17.3\fxgl-gameplay-17.3.jar;C:\Users\pvrre\.m2\repository\com\fasterxml\jackson\core\jackson-annotations\2.14.2\jackson-annotations-2.14.2.jar;C:\Users\pvrre\.m2\repository\com\fasterxml\jackson\core\jackson-databind\2.14.2\jackson-databind-2.14.2.jar;C:\Users\pvrre\.m2\repository\com\fasterxml\jackson\core\jackson-core\2.14.2\jackson-core-2.14.2.jar;C:\Users\pvrre\.m2\repository\com\gluonhq\attach\lifecycle\4.0.17\lifecycle-4.0.17.jar;C:\Users\pvrre\.m2\repository\org\jetbrains\kotlin\kotlin-stdlib\1.8.10\kotlin-stdlib-1.8.10.jar;C:\Users\pvrre\.m2\repository\org\jetbrains\kotlin\kotlin-stdlib-common\1.8.10\kotlin-stdlib-common-1.8.10.jar;C:\Users\pvrre\.m2\repository\org\jetbrains\annotations\13.0\annotations-13.0.jar;C:\Users\pvrre\Downloads\mysql-connector-j-9.4.0\mysql-connector-j-9.4.0\mysql-connector-j-9.4.0.jar
Launcher Type: SUN_STANDARD

[Global flags]
     intx CICompilerCount                          = 4                                         {product} {ergonomic}
     uint ConcGCThreads                            = 3                                         {product} {ergonomic}
     uint G1ConcRefinementThreads                  = 10                                        {product} {ergonomic}
   size_t G1HeapRegionSize                         = 1048576                                   {product} {ergonomic}
   size_t InitialHeapSize                          = 130023424                                 {product} {ergonomic}
   size_t MarkStackSize                            = 4194304                                   {product} {ergonomic}
   size_t MarkStackSizeMax                         = 536870912                                 {product} {ergonomic}
   size_t MaxHeapSize                              = 2065694720                                {product} {ergonomic}
   size_t MaxNewSize                               = 1239416832                                {product} {ergonomic}
   size_t MinHeapDeltaBytes                        = 1048576                                   {product} {ergonomic}
   size_t MinHeapSize                              = 8388608                                   {product} {ergonomic}
    uintx NonNMethodCodeHeapSize                   = 5832704                                {pd product} {ergonomic}
    uintx NonProfiledCodeHeapSize                  = 122945536                              {pd product} {ergonomic}
    uintx ProfiledCodeHeapSize                     = 122880000                              {pd product} {ergonomic}
    uintx ReservedCodeCacheSize                    = 251658240                              {pd product} {ergonomic}
     bool SegmentedCodeCache                       = true                                      {product} {ergonomic}
   size_t SoftMaxHeapSize                          = 2065694720                             {manageable} {ergonomic}
     bool UseCompressedOops                        = true                           {product lp64_product} {ergonomic}
     bool UseG1GC                                  = true                                      {product} {ergonomic}
     bool UseLargePagesIndividualAllocation        = false                                  {pd product} {ergonomic}

Logging:
Log output configuration:
 #0: stdout all=warning uptime,level,tags foldmultilines=false
 #1: stderr all=off uptime,level,tags foldmultilines=false

Environment Variables:
PATH=C:\Program Files\Eclipse Adoptium\jdk-21.0.7.6-hotspot\bin;C:\Program Files\Common Files\Oracle\Java\javapath;C:\WINDOWS\system32;C:\WINDOWS;C:\WINDOWS\System32\Wbem;C:\WINDOWS\System32\WindowsPowerShell\v1.0\;C:\WINDOWS\System32\OpenSSH\;C:\Program Files\dotnet\;C:\MinGW\bin;C:\Program Files\Git\cmd;C:\Users\pvrre\AppData\Local\Microsoft\WindowsApps;C:\MinGW\bin;C:\Users\pvrre\AppData\Local\JetBrains\Toolbox\scripts;C:\Users\pvrre\AppData\Local\Programs\Microsoft VS Code\bin
USERNAME=pvrre
OS=Windows_NT
PROCESSOR_IDENTIFIER=Intel64 Family 6 Model 154 Stepping 4, GenuineIntel
TMP=C:\Users\pvrre\AppData\Local\Temp
TEMP=C:\Users\pvrre\AppData\Local\Temp




Periodic native trim disabled

---------------  S Y S T E M  ---------------

OS:
 Windows 11 , 64 bit Build 26100 (10.0.26100.6725)
OS uptime: 31 days 12:17 hours
Hyper-V role detected

CPU: total 12 (initial active 12) (6 cores per cpu, 2 threads per core) family 6 model 154 stepping 4 microcode 0x437, cx8, cmov, fxsr, ht, mmx, 3dnowpref, sse, sse2, sse3, ssse3, sse4.1, sse4.2, popcnt, lzcnt, tsc, tscinvbit, avx, avx2, aes, erms, clmul, bmi1, bmi2, adx, sha, fma, vzeroupper, clflush, clflushopt, clwb, hv, serialize, rdtscp, rdpid, fsrm, gfni, f16c, cet_ibt, cet_ss
Processor Information for the first 12 processors :
  Max Mhz: 1300, Current Mhz: 1300, Mhz Limit: 1300

Memory: 4k page, system-wide physical 7876M (494M free)
TotalPageFile size 32452M (AvailPageFile size 6M)
current process WorkingSet (physical memory assigned to process): 293M, peak: 493M
current process commit charge ("private bytes"): 461M, peak: 539M

vm_info: Java HotSpot(TM) 64-Bit Server VM (24.0.1+9-30) for windows-amd64 JRE (24.0.1+9-30), built on 2025-03-05T07:23:45Z with MS VC++ 17.6 (VS2022)

END.
