#
# There is insufficient memory for the Java Runtime Environment to continue.
# Native memory allocation (malloc) failed to allocate 32744 bytes. Error detail: Chunk::new
# Possible reasons:
#   The system is out of physical RAM or swap space
#   This process is running with CompressedOops enabled, and the Java Heap may be blocking the growth of the native heap
# Possible solutions:
#   Reduce memory load on the system
#   Increase physical memory or swap space
#   Check if swap backing store is full
#   Decrease Java heap size (-Xmx/-Xms)
#   Decrease number of Java threads
#   Decrease Java thread stack sizes (-Xss)
#   Set larger code cache with -XX:ReservedCodeCacheSize=
#   JVM is running with Unscaled Compressed Oops mode in which the Java heap is
#     placed in the first 4GB address space. The Java Heap base address is the
#     maximum limit for the native heap growth. Please use -XX:HeapBaseMinAddress
#     to set the Java Heap base and to place the Java Heap above 4GB virtual address.
# This output file may be truncated or incomplete.
#
#  Out of Memory Error (arena.cpp:162), pid=47896, tid=38552
#
# JRE version: Java(TM) SE Runtime Environment (24.0.1+9) (build 24.0.1+9-30)
# Java VM: Java HotSpot(TM) 64-Bit Server VM (24.0.1+9-30, mixed mode, sharing, tiered, compressed oops, compressed class ptrs, g1 gc, windows-amd64)
# No core dump will be written. Minidumps are not enabled by default on client versions of Windows
#

---------------  S U M M A R Y ------------

Command Line: --module-path=C:\Users\pvrre\Downloads\openjfx-25_windows-x64_bin-sdk\javafx-sdk-25\lib --add-modules=javafx.controls,javafx.fxml --enable-native-access=javafx.graphics -javaagent:C:\Program Files\JetBrains\IntelliJ IDEA Community Edition 2025.2.2\lib\idea_rt.jar=65026 -Dfile.encoding=UTF-8 -Dsun.stdout.encoding=UTF-8 -Dsun.stderr.encoding=UTF-8 com.example.nyanam.Main

Host: 12th Gen Intel(R) Core(TM) i5-1235U, 12 cores, 7G,  Windows 11 , 64 bit Build 26100 (10.0.26100.6725)
Time: Sun Nov 16 11:11:43 2025 India Standard Time elapsed time: 318.534484 seconds (0d 0h 5m 18s)

---------------  T H R E A D  ---------------

Current thread (0x000001dd7f9b0b20):  JavaThread "C1 CompilerThread0" daemon [_thread_in_native, id=38552, stack(0x0000009087d00000,0x0000009087e00000) (1024K)]


Current CompileTask:
C1:318534 10299       3       sun.nio.cs.UTF_8$Decoder::decodeArrayLoop (688 bytes)

Stack: [0x0000009087d00000,0x0000009087e00000]
Native frames: (J=compiled Java code, j=interpreted, Vv=VM code, C=native code)
V  [jvm.dll+0x730739]  (no source info available)
V  [jvm.dll+0x8d9b23]  (no source info available)
V  [jvm.dll+0x8dc00d]  (no source info available)
V  [jvm.dll+0x8dc683]  (no source info available)
V  [jvm.dll+0x2aa086]  (no source info available)
V  [jvm.dll+0xcedef]  (no source info available)
V  [jvm.dll+0xcf04f]  (no source info available)
V  [jvm.dll+0x1c8acc]  (no source info available)
V  [jvm.dll+0x171228]  (no source info available)
V  [jvm.dll+0x1714f3]  (no source info available)
V  [jvm.dll+0x17185b]  (no source info available)
V  [jvm.dll+0x170c2c]  (no source info available)
V  [jvm.dll+0x172a4d]  (no source info available)
V  [jvm.dll+0x27e1fb]  (no source info available)
V  [jvm.dll+0x27c49a]  (no source info available)
V  [jvm.dll+0x42f456]  (no source info available)
V  [jvm.dll+0x87d76b]  (no source info available)
V  [jvm.dll+0x72ee55]  (no source info available)
C  [ucrtbase.dll+0x37b0]  (no source info available)
C  [KERNEL32.DLL+0x2e8d7]  (no source info available)
C  [ntdll.dll+0x8c53c]  (no source info available)

Lock stack of current Java thread (top to bottom):


---------------  P R O C E S S  ---------------

Threads class SMR info:
_java_thread_list=0x000001dd6f7a0bf0, length=23, elements={
0x000001dd7971f3b0, 0x000001dd7f98e720, 0x000001dd7f98ee60, 0x000001dd7f992210,
0x000001dd7f992d40, 0x000001dd7f993870, 0x000001dd7f9943a0, 0x000001dd7f99a360,
0x000001dd7f9b0b20, 0x000001dd17870ad0, 0x000001dd5d2a10a0, 0x000001dd5d2a17e0,
0x000001dd17bee380, 0x000001dd5e43cca0, 0x000001dd5e40f9d0, 0x000001dd6389f970,
0x000001dd5e5b7600, 0x000001dd6399b690, 0x000001dd6399af40, 0x000001dd6399a7f0,
0x000001dd6d2c3780, 0x000001dd6d2c4620, 0x000001dd6d2c2190
}

Java Threads: ( => current thread )
  0x000001dd7971f3b0 JavaThread "main"                              [_thread_blocked, id=44316, stack(0x0000009086e00000,0x0000009086f00000) (1024K)]
  0x000001dd7f98e720 JavaThread "Reference Handler"          daemon [_thread_blocked, id=55956, stack(0x0000009087600000,0x0000009087700000) (1024K)]
  0x000001dd7f98ee60 JavaThread "Finalizer"                  daemon [_thread_blocked, id=59552, stack(0x0000009087700000,0x0000009087800000) (1024K)]
  0x000001dd7f992210 JavaThread "Signal Dispatcher"          daemon [_thread_blocked, id=49992, stack(0x0000009087800000,0x0000009087900000) (1024K)]
  0x000001dd7f992d40 JavaThread "Attach Listener"            daemon [_thread_blocked, id=38384, stack(0x0000009087900000,0x0000009087a00000) (1024K)]
  0x000001dd7f993870 JavaThread "Service Thread"             daemon [_thread_blocked, id=60056, stack(0x0000009087a00000,0x0000009087b00000) (1024K)]
  0x000001dd7f9943a0 JavaThread "Monitor Deflation Thread"   daemon [_thread_blocked, id=28312, stack(0x0000009087b00000,0x0000009087c00000) (1024K)]
  0x000001dd7f99a360 JavaThread "C2 CompilerThread0"         daemon [_thread_in_native, id=3948, stack(0x0000009087c00000,0x0000009087d00000) (1024K)]
=>0x000001dd7f9b0b20 JavaThread "C1 CompilerThread0"         daemon [_thread_in_native, id=38552, stack(0x0000009087d00000,0x0000009087e00000) (1024K)]
  0x000001dd17870ad0 JavaThread "Common-Cleaner"             daemon [_thread_blocked, id=54888, stack(0x0000009087e00000,0x0000009087f00000) (1024K)]
  0x000001dd5d2a10a0 JavaThread "Monitor Ctrl-Break"         daemon [_thread_in_native, id=50640, stack(0x0000009088100000,0x0000009088200000) (1024K)]
  0x000001dd5d2a17e0 JavaThread "Notification Thread"        daemon [_thread_blocked, id=57844, stack(0x0000009088200000,0x0000009088300000) (1024K)]
  0x000001dd17bee380 JavaThread "QuantumRenderer-0"          daemon [_thread_blocked, id=57448, stack(0x0000009088000000,0x0000009088100000) (1024K)]
  0x000001dd5e43cca0 JavaThread "InvokeLaterDispatcher"      daemon [_thread_blocked, id=49308, stack(0x0000009087f00000,0x0000009088000000) (1024K)]
  0x000001dd5e40f9d0 JavaThread "JavaFX Application Thread"         [_thread_in_vm, id=2924, stack(0x0000009088300000,0x0000009088400000) (1024K)]
  0x000001dd6389f970 JavaThread "JavaFX-Launcher"                   [_thread_blocked, id=19344, stack(0x0000009089900000,0x0000009089a00000) (1024K)]
  0x000001dd5e5b7600 JavaThread "Thread-2"                   daemon [_thread_in_native, id=45900, stack(0x0000009089800000,0x0000009089900000) (1024K)]
  0x000001dd6399b690 JavaThread "Prism Font Disposer"        daemon [_thread_blocked, id=55760, stack(0x000000908a000000,0x000000908a100000) (1024K)]
  0x000001dd6399af40 JavaThread "Cleaner-0"                  daemon [_thread_blocked, id=55632, stack(0x0000009089a00000,0x0000009089b00000) (1024K)]
  0x000001dd6399a7f0 JavaThread "mysql-cj-abandoned-connection-cleanup" daemon [_thread_blocked, id=59004, stack(0x000000908a100000,0x000000908a200000) (1024K)]
  0x000001dd6d2c3780 JavaThread "Java2D Disposer"            daemon [_thread_blocked, id=28984, stack(0x0000009089700000,0x0000009089800000) (1024K)]
  0x000001dd6d2c4620 JavaThread "AWT-Windows"                daemon [_thread_in_native, id=53592, stack(0x000000908a900000,0x000000908aa00000) (1024K)]
  0x000001dd6d2c2190 JavaThread "Swing-Shell"                daemon [_thread_blocked, id=31272, stack(0x000000908ac00000,0x000000908ad00000) (1024K)]
Total: 23

Other Threads:
  0x000001dd7f9810f0 VMThread "VM Thread"                           [id=49388, stack(0x0000009087500000,0x0000009087600000) (1024K)]
  0x000001dd7f972130 WatcherThread "VM Periodic Task Thread"        [id=13344, stack(0x0000009087400000,0x0000009087500000) (1024K)]
  0x000001dd79776670 WorkerThread "GC Thread#0"                     [id=9828, stack(0x0000009086f00000,0x0000009087000000) (1024K)]
  0x000001dd6387f120 WorkerThread "GC Thread#1"                     [id=16524, stack(0x0000009089b00000,0x0000009089c00000) (1024K)]
  0x000001dd6387ffe0 WorkerThread "GC Thread#2"                     [id=17280, stack(0x0000009089c00000,0x0000009089d00000) (1024K)]
  0x000001dd6387fc30 WorkerThread "GC Thread#3"                     [id=56704, stack(0x0000009089d00000,0x0000009089e00000) (1024K)]
  0x000001dd63880390 WorkerThread "GC Thread#4"                     [id=12560, stack(0x0000009089e00000,0x0000009089f00000) (1024K)]
  0x000001dd6387e9c0 WorkerThread "GC Thread#5"                     [id=19396, stack(0x0000009089f00000,0x000000908a000000) (1024K)]
  0x000001dd5d46a530 WorkerThread "GC Thread#6"                     [id=59140, stack(0x000000908a300000,0x000000908a400000) (1024K)]
  0x000001dd5d468b60 WorkerThread "GC Thread#7"                     [id=32144, stack(0x000000908a400000,0x000000908a500000) (1024K)]
  0x000001dd5d469670 WorkerThread "GC Thread#8"                     [id=28256, stack(0x000000908a500000,0x000000908a600000) (1024K)]
  0x000001dd5d46a8e0 WorkerThread "GC Thread#9"                     [id=44128, stack(0x000000908a600000,0x000000908a700000) (1024K)]
  0x000001dd7978d920 ConcurrentGCThread "G1 Main Marker"            [id=57744, stack(0x0000009087000000,0x0000009087100000) (1024K)]
  0x000001dd7978f4e0 WorkerThread "G1 Conc#0"                       [id=12420, stack(0x0000009087100000,0x0000009087200000) (1024K)]
  0x000001dd5d468400 WorkerThread "G1 Conc#1"                       [id=15072, stack(0x000000908a700000,0x000000908a800000) (1024K)]
  0x000001dd5d4687b0 WorkerThread "G1 Conc#2"                       [id=54416, stack(0x000000908a800000,0x000000908a900000) (1024K)]
  0x000001dd7f8415d0 ConcurrentGCThread "G1 Refine#0"               [id=53580, stack(0x0000009087200000,0x0000009087300000) (1024K)]
  0x000001dd7f841d60 ConcurrentGCThread "G1 Service"                [id=53820, stack(0x0000009087300000,0x0000009087400000) (1024K)]
Total: 18

Threads with active compile tasks:
C2 CompilerThread0  330659 10289   !   4       com.sun.javafx.sg.prism.NGNode::accumulateGroupDirtyRegion (652 bytes)
C1 CompilerThread0  330659 10299       3       sun.nio.cs.UTF_8$Decoder::decodeArrayLoop (688 bytes)
Total: 2

VM state: not at safepoint (normal execution)

VM Mutex/Monitor currently owned by a thread: None

Heap address: 0x0000000084e00000, size: 1970 MB, Compressed Oops mode: 32-bit

CDS archive(s) mapped at: [0x000001dd18000000-0x000001dd18d40000-0x000001dd18d40000), size 13893632, SharedBaseAddress: 0x000001dd18000000, ArchiveRelocationMode: 1.
Compressed class space mapped at: 0x000001dd19000000-0x000001dd59000000, reserved size: 1073741824
UseCompressedClassPointers 1, UseCompactObjectHeaders 0
Narrow klass pointer bits 32, Max shift 3
Narrow klass base: 0x000001dd18000000, Narrow klass shift: 0
Encoding Range: [0x000001dd18000000 - 0x000001de18000000), (4294967296 bytes)
Klass Range:    [0x000001dd18000000 - 0x000001dd59000000), (1090519040 bytes)
Klass ID Range:  [8 - 1090519033) (1090519025)

GC Precious Log:
 CardTable entry size: 512
 Card Set container configuration: InlinePtr #cards 5 size 8 Array Of Cards #cards 10 size 36 Howl #buckets 4 coarsen threshold 1843 Howl Bitmap #cards 512 size 80 coarsen threshold 460 Card regions per heap region 1 cards per card region 2048
 CPUs: 12 total, 12 available
 Memory: 7876M
 Large Page Support: Disabled
 NUMA Support: Disabled
 Compressed Oops: Enabled (32-bit)
 Heap Region Size: 1M
 Heap Min Capacity: 8M
 Heap Initial Capacity: 124M
 Heap Max Capacity: 1970M
 Pre-touch: Disabled
 Parallel Workers: 10
 Concurrent Workers: 3
 Concurrent Refinement Workers: 10
 Periodic GC: Disabled

Heap:
 garbage-first heap   total reserved 2017280K, committed 62464K, used 45223K [0x0000000084e00000, 0x0000000100000000)
  region size 1024K, 18 young (18432K), 2 survivors (2048K)
 Metaspace       used 34983K, committed 35392K, reserved 1114112K
  class space    used 4110K, committed 4288K, reserved 1048576K

Heap Regions: E=young(eden), S=young(survivor), O=old, HS=humongous(starts), HC=humongous(continues), CS=collection set, F=free, TAMS=top-at-mark-start, PB=parsable bottom
|   0|0x0000000084e00000, 0x0000000084f00000, 0x0000000084f00000|100%| O|  |TAMS 0x0000000084e00000| PB 0x0000000084e00000| Untracked |  0
|   1|0x0000000084f00000, 0x0000000085000000, 0x0000000085000000|100%| O|  |TAMS 0x0000000084f00000| PB 0x0000000084f00000| Untracked |  0
|   2|0x0000000085000000, 0x0000000085100000, 0x0000000085100000|100%| O|  |TAMS 0x0000000085000000| PB 0x0000000085000000| Untracked |  0
|   3|0x0000000085100000, 0x0000000085200000, 0x0000000085200000|100%| O|  |TAMS 0x0000000085100000| PB 0x0000000085100000| Untracked |  0
|   4|0x0000000085200000, 0x0000000085300000, 0x0000000085300000|100%| O|  |TAMS 0x0000000085200000| PB 0x0000000085200000| Untracked |  1
|   5|0x0000000085300000, 0x0000000085400000, 0x0000000085400000|100%| O|  |TAMS 0x0000000085300000| PB 0x0000000085300000| Untracked |  0
|   6|0x0000000085400000, 0x0000000085500000, 0x0000000085500000|100%| O|  |TAMS 0x0000000085400000| PB 0x0000000085400000| Untracked |  0
|   7|0x0000000085500000, 0x0000000085600000, 0x0000000085600000|100%| O|  |TAMS 0x0000000085500000| PB 0x0000000085500000| Untracked |  0
|   8|0x0000000085600000, 0x0000000085700000, 0x0000000085700000|100%| O|  |TAMS 0x0000000085600000| PB 0x0000000085600000| Untracked |  0
|   9|0x0000000085700000, 0x0000000085800000, 0x0000000085800000|100%| O|  |TAMS 0x0000000085700000| PB 0x0000000085700000| Untracked |  0
|  10|0x0000000085800000, 0x0000000085900000, 0x0000000085900000|100%| O|  |TAMS 0x0000000085800000| PB 0x0000000085800000| Untracked |  0
|  11|0x0000000085900000, 0x0000000085a00000, 0x0000000085a00000|100%| O|  |TAMS 0x0000000085900000| PB 0x0000000085900000| Untracked |  0
|  12|0x0000000085a00000, 0x0000000085abff40, 0x0000000085b00000| 74%| O|  |TAMS 0x0000000085a00000| PB 0x0000000085a00000| Untracked |  0
|  13|0x0000000085b00000, 0x0000000085c00000, 0x0000000085c00000|100%| O|  |TAMS 0x0000000085b00000| PB 0x0000000085b00000| Untracked |  0
|  14|0x0000000085c00000, 0x0000000085d00000, 0x0000000085d00000|100%| O|  |TAMS 0x0000000085c00000| PB 0x0000000085c00000| Untracked |  0
|  15|0x0000000085d00000, 0x0000000085e00000, 0x0000000085e00000|100%| O|  |TAMS 0x0000000085d00000| PB 0x0000000085d00000| Untracked |  0
|  16|0x0000000085e00000, 0x0000000085f00000, 0x0000000085f00000|100%|HS|  |TAMS 0x0000000085e00000| PB 0x0000000085e00000| Complete |  0
|  17|0x0000000085f00000, 0x0000000085f00000, 0x0000000086000000|  0%| F|  |TAMS 0x0000000085f00000| PB 0x0000000085f00000| Untracked |  0
|  18|0x0000000086000000, 0x0000000086100000, 0x0000000086100000|100%|HS|  |TAMS 0x0000000086000000| PB 0x0000000086000000| Complete |  0
|  19|0x0000000086100000, 0x0000000086200000, 0x0000000086200000|100%|HC|  |TAMS 0x0000000086100000| PB 0x0000000086100000| Complete |  0
|  20|0x0000000086200000, 0x0000000086300000, 0x0000000086300000|100%| O|  |TAMS 0x0000000086200000| PB 0x0000000086200000| Untracked |  0
|  21|0x0000000086300000, 0x0000000086300000, 0x0000000086400000|  0%| F|  |TAMS 0x0000000086300000| PB 0x0000000086300000| Untracked |  0
|  22|0x0000000086400000, 0x0000000086500000, 0x0000000086500000|100%| O|  |TAMS 0x0000000086400000| PB 0x0000000086400000| Untracked |  0
|  23|0x0000000086500000, 0x0000000086600000, 0x0000000086600000|100%| O|  |TAMS 0x0000000086500000| PB 0x0000000086500000| Untracked |  0
|  24|0x0000000086600000, 0x0000000086700000, 0x0000000086700000|100%| O|  |TAMS 0x0000000086600000| PB 0x0000000086600000| Untracked |  0
|  25|0x0000000086700000, 0x0000000086800000, 0x0000000086800000|100%| O|  |TAMS 0x0000000086700000| PB 0x0000000086700000| Untracked |  0
|  26|0x0000000086800000, 0x0000000086800000, 0x0000000086900000|  0%| F|  |TAMS 0x0000000086800000| PB 0x0000000086800000| Untracked |  0
|  27|0x0000000086900000, 0x0000000086900000, 0x0000000086a00000|  0%| F|  |TAMS 0x0000000086900000| PB 0x0000000086900000| Untracked |  0
|  28|0x0000000086a00000, 0x0000000086a00000, 0x0000000086b00000|  0%| F|  |TAMS 0x0000000086a00000| PB 0x0000000086a00000| Untracked |  0
|  29|0x0000000086b00000, 0x0000000086c00000, 0x0000000086c00000|100%| O|  |TAMS 0x0000000086b00000| PB 0x0000000086b00000| Untracked |  0
|  30|0x0000000086c00000, 0x0000000086cd0430, 0x0000000086d00000| 81%| O|  |TAMS 0x0000000086c00000| PB 0x0000000086c00000| Untracked |  0
|  31|0x0000000086d00000, 0x0000000086e00000, 0x0000000086e00000|100%| O|  |TAMS 0x0000000086d00000| PB 0x0000000086d00000| Untracked |  0
|  32|0x0000000086e00000, 0x0000000086e00000, 0x0000000086f00000|  0%| F|  |TAMS 0x0000000086e00000| PB 0x0000000086e00000| Untracked |  0
|  33|0x0000000086f00000, 0x0000000086f00000, 0x0000000087000000|  0%| F|  |TAMS 0x0000000086f00000| PB 0x0000000086f00000| Untracked |  0
|  34|0x0000000087000000, 0x0000000087000000, 0x0000000087100000|  0%| F|  |TAMS 0x0000000087000000| PB 0x0000000087000000| Untracked |  0
|  35|0x0000000087100000, 0x0000000087100000, 0x0000000087200000|  0%| F|  |TAMS 0x0000000087100000| PB 0x0000000087100000| Untracked |  0
|  36|0x0000000087200000, 0x0000000087200000, 0x0000000087300000|  0%| F|  |TAMS 0x0000000087200000| PB 0x0000000087200000| Untracked |  0
|  37|0x0000000087300000, 0x0000000087300000, 0x0000000087400000|  0%| F|  |TAMS 0x0000000087300000| PB 0x0000000087300000| Untracked |  0
|  38|0x0000000087400000, 0x0000000087400000, 0x0000000087500000|  0%| F|  |TAMS 0x0000000087400000| PB 0x0000000087400000| Untracked |  0
|  39|0x0000000087500000, 0x0000000087599b50, 0x0000000087600000| 60%| S|CS|TAMS 0x0000000087500000| PB 0x0000000087500000| Complete |  0
|  40|0x0000000087600000, 0x0000000087700000, 0x0000000087700000|100%| S|CS|TAMS 0x0000000087600000| PB 0x0000000087600000| Complete |  0
|  41|0x0000000087700000, 0x0000000087700000, 0x0000000087800000|  0%| F|  |TAMS 0x0000000087700000| PB 0x0000000087700000| Untracked |  0
|  42|0x0000000087800000, 0x0000000087800000, 0x0000000087900000|  0%| F|  |TAMS 0x0000000087800000| PB 0x0000000087800000| Untracked |  0
|  43|0x0000000087900000, 0x0000000087900000, 0x0000000087a00000|  0%| F|  |TAMS 0x0000000087900000| PB 0x0000000087900000| Untracked |  0
|  44|0x0000000087a00000, 0x0000000087ab44a8, 0x0000000087b00000| 70%| E|  |TAMS 0x0000000087a00000| PB 0x0000000087a00000| Complete |  0
|  45|0x0000000087b00000, 0x0000000087c00000, 0x0000000087c00000|100%| E|CS|TAMS 0x0000000087b00000| PB 0x0000000087b00000| Complete |  0
|  46|0x0000000087c00000, 0x0000000087d00000, 0x0000000087d00000|100%| E|CS|TAMS 0x0000000087c00000| PB 0x0000000087c00000| Complete |  0
|  47|0x0000000087d00000, 0x0000000087e00000, 0x0000000087e00000|100%| E|CS|TAMS 0x0000000087d00000| PB 0x0000000087d00000| Complete |  0
|  48|0x0000000087e00000, 0x0000000087f00000, 0x0000000087f00000|100%| E|CS|TAMS 0x0000000087e00000| PB 0x0000000087e00000| Complete |  0
|  49|0x0000000087f00000, 0x0000000088000000, 0x0000000088000000|100%| E|CS|TAMS 0x0000000087f00000| PB 0x0000000087f00000| Complete |  0
|  50|0x0000000088000000, 0x0000000088100000, 0x0000000088100000|100%| E|CS|TAMS 0x0000000088000000| PB 0x0000000088000000| Complete |  0
|  51|0x0000000088100000, 0x0000000088200000, 0x0000000088200000|100%| E|CS|TAMS 0x0000000088100000| PB 0x0000000088100000| Complete |  0
|  52|0x0000000088200000, 0x0000000088300000, 0x0000000088300000|100%| E|CS|TAMS 0x0000000088200000| PB 0x0000000088200000| Complete |  0
|  53|0x0000000088300000, 0x0000000088400000, 0x0000000088400000|100%| E|CS|TAMS 0x0000000088300000| PB 0x0000000088300000| Complete |  0
|  54|0x0000000088400000, 0x0000000088500000, 0x0000000088500000|100%| E|CS|TAMS 0x0000000088400000| PB 0x0000000088400000| Complete |  0
|  55|0x0000000088500000, 0x0000000088600000, 0x0000000088600000|100%| E|CS|TAMS 0x0000000088500000| PB 0x0000000088500000| Complete |  0
| 117|0x000000008c300000, 0x000000008c400000, 0x000000008c400000|100%| E|CS|TAMS 0x000000008c300000| PB 0x000000008c300000| Complete |  0
| 118|0x000000008c400000, 0x000000008c500000, 0x000000008c500000|100%| E|CS|TAMS 0x000000008c400000| PB 0x000000008c400000| Complete |  0
| 123|0x000000008c900000, 0x000000008ca00000, 0x000000008ca00000|100%| E|CS|TAMS 0x000000008c900000| PB 0x000000008c900000| Complete |  0
|1968|0x00000000ffe00000, 0x00000000fff00000, 0x00000000fff00000|100%| O|  |TAMS 0x00000000ffe00000| PB 0x00000000ffe00000| Untracked |  0
|1969|0x00000000fff00000, 0x0000000100000000, 0x0000000100000000|100%| E|CS|TAMS 0x00000000fff00000| PB 0x00000000fff00000| Complete |  0

Card table byte_map: [0x000001dd7aa10000,0x000001dd7adf0000] _byte_map_base: 0x000001dd7a5e9000

Marking Bits: (CMBitMap*) 0x000001dd79776d80
 Bits: [0x000001dd7adf0000, 0x000001dd7ccb8000)

Polling page: 0x000001dd797f0000

Metaspace:

Usage:
  Non-class:     30.15 MB used.
      Class:      4.01 MB used.
       Both:     34.16 MB used.

Virtual space:
  Non-class space:       64.00 MB reserved,      30.38 MB ( 47%) committed,  1 nodes.
      Class space:        1.00 GB reserved,       4.19 MB ( <1%) committed,  1 nodes.
             Both:        1.06 GB reserved,      34.56 MB (  3%) committed. 

Chunk freelists:
   Non-Class:  1006.00 KB
       Class:  11.73 MB
        Both:  12.71 MB

MaxMetaspaceSize: unlimited
CompressedClassSpaceSize: 1.00 GB
Initial GC threshold: 21.00 MB
Current GC threshold: 54.94 MB
CDS: on
 - commit_granule_bytes: 65536.
 - commit_granule_words: 8192.
 - virtual_space_node_default_size: 8388608.
 - enlarge_chunks_in_place: 1.
UseCompressedClassPointers 1, UseCompactObjectHeaders 0
Narrow klass pointer bits 32, Max shift 3
Narrow klass base: 0x000001dd18000000, Narrow klass shift: 0
Encoding Range: [0x000001dd18000000 - 0x000001de18000000), (4294967296 bytes)
Klass Range:    [0x000001dd18000000 - 0x000001dd59000000), (1090519040 bytes)
Klass ID Range:  [8 - 1090519033) (1090519025)


Internal statistics:

num_allocs_failed_limit: 3.
num_arena_births: 406.
num_arena_deaths: 0.
num_vsnodes_births: 2.
num_vsnodes_deaths: 0.
num_space_committed: 553.
num_space_uncommitted: 0.
num_chunks_returned_to_freelist: 3.
num_chunks_taken_from_freelist: 1393.
num_chunk_merges: 0.
num_chunk_splits: 954.
num_chunks_enlarged: 734.
num_inconsistent_stats: 0.

CodeHeap 'non-profiled nmethods': size=120064Kb used=5780Kb max_used=5780Kb free=114283Kb
 bounds [0x000001dd102a0000, 0x000001dd10850000, 0x000001dd177e0000]
CodeHeap 'profiled nmethods': size=120000Kb used=18741Kb max_used=18741Kb free=101258Kb
 bounds [0x000001dd087e0000, 0x000001dd09a30000, 0x000001dd0fd10000]
CodeHeap 'non-nmethods': size=5696Kb used=1840Kb max_used=1957Kb free=3856Kb
 bounds [0x000001dd0fd10000, 0x000001dd0ff80000, 0x000001dd102a0000]
CodeCache: size=245760Kb, used=26361Kb, max_used=26478Kb, free=219397Kb
 total_blobs=10825, nmethods=9824, adapters=905, full_count=0
Compilation: enabled, stopped_count=0, restarted_count=0

Compilation events (20 events):
Event: 272.585 Thread 0x000001dd7f9b0b20 10284       3       com.sun.javafx.collections.MappingChange::getRemoved (24 bytes)
Event: 272.585 Thread 0x000001dd7f9b0b20 nmethod 10284 0x000001dd09a28288 code [0x000001dd09a283c0, 0x000001dd09a28790]
Event: 273.895 Thread 0x000001dd7f9b0b20 10285       3       com.sun.javafx.scene.control.behavior.TableCellBehavior::getCellContainer (11 bytes)
Event: 273.896 Thread 0x000001dd7f9b0b20 nmethod 10285 0x000001dd09a28808 code [0x000001dd09a28960, 0x000001dd09a28ff8]
Event: 284.856 Thread 0x000001dd7f9b0b20 10286       3       java.io.File::exists (18 bytes)
Event: 284.857 Thread 0x000001dd7f9b0b20 nmethod 10286 0x000001dd09a29088 code [0x000001dd09a291e0, 0x000001dd09a295d8]
Event: 309.863 Thread 0x000001dd7f9b0b20 10287   !   3       jdk.internal.loader.URLClassPath$FileLoader::getResource (143 bytes)
Event: 309.867 Thread 0x000001dd7f9b0b20 nmethod 10287 0x000001dd09a29608 code [0x000001dd09a298a0, 0x000001dd09a2b038]
Event: 312.313 Thread 0x000001dd7f99a360 10288   !   4       com.sun.scenario.animation.shared.TimelineClipCore::visitKeyFrame (85 bytes)
Event: 312.499 Thread 0x000001dd7f99a360 nmethod 10288 0x000001dd10844888 code [0x000001dd108449e0, 0x000001dd10844d98]
Event: 312.499 Thread 0x000001dd7f99a360 10289   !   4       com.sun.javafx.sg.prism.NGNode::accumulateGroupDirtyRegion (652 bytes)
Event: 313.525 Thread 0x000001dd7f9b0b20 10290       3       java.lang.ThreadLocal::get (8 bytes)
Event: 314.522 Thread 0x000001dd7f9b0b20 nmethod 10290 0x000001dd09a2b108 code [0x000001dd09a2b220, 0x000001dd09a2b370]
Event: 314.522 Thread 0x000001dd7f9b0b20 10296       3       javafx.fxml.FXMLLoader$Element::populateListFromString (122 bytes)
Event: 315.524 Thread 0x000001dd7f9b0b20 nmethod 10296 0x000001dd09a2b408 code [0x000001dd09a2b6c0, 0x000001dd09a2cd40]
Event: 315.524 Thread 0x000001dd7f9b0b20 10298       3       sun.nio.cs.UTF_8$Decoder::xflow (31 bytes)
Event: 315.524 Thread 0x000001dd7f9b0b20 nmethod 10298 0x000001dd09a2ce08 code [0x000001dd09a2cf80, 0x000001dd09a2d4c8]
Event: 315.524 Thread 0x000001dd7f9b0b20 10297       1       javafx.scene.control.ButtonBase::onActionProperty (5 bytes)
Event: 315.524 Thread 0x000001dd7f9b0b20 nmethod 10297 0x000001dd10844e88 code [0x000001dd10844f80, 0x000001dd10845048]
Event: 315.528 Thread 0x000001dd7f9b0b20 10299       3       sun.nio.cs.UTF_8$Decoder::decodeArrayLoop (688 bytes)

GC Heap History (20 events):
Event: 9.175 GC heap before
{Heap before GC invocations=2 (full 0):
 garbage-first heap   total reserved 2017280K, committed 129024K, used 18445K [0x0000000084e00000, 0x0000000100000000)
  region size 1024K, 10 young (10240K), 5 survivors (5120K)
 Metaspace       used 21199K, committed 21504K, reserved 1114112K
  class space    used 2542K, committed 2688K, reserved 1048576K
}
Event: 9.183 GC heap after
{Heap after GC invocations=3 (full 0):
 garbage-first heap   total reserved 2017280K, committed 129024K, used 15868K [0x0000000084e00000, 0x0000000100000000)
  region size 1024K, 2 young (2048K), 2 survivors (2048K)
 Metaspace       used 21199K, committed 21504K, reserved 1114112K
  class space    used 2542K, committed 2688K, reserved 1048576K
}
Event: 36.629 GC heap before
{Heap before GC invocations=4 (full 0):
 garbage-first heap   total reserved 2017280K, committed 58368K, used 56828K [0x0000000084e00000, 0x0000000100000000)
  region size 1024K, 42 young (43008K), 2 survivors (2048K)
 Metaspace       used 28977K, committed 29312K, reserved 1114112K
  class space    used 3507K, committed 3648K, reserved 1048576K
}
Event: 36.635 GC heap after
{Heap after GC invocations=5 (full 0):
 garbage-first heap   total reserved 2017280K, committed 62464K, used 17821K [0x0000000084e00000, 0x0000000100000000)
  region size 1024K, 4 young (4096K), 4 survivors (4096K)
 Metaspace       used 28977K, committed 29312K, reserved 1114112K
  class space    used 3507K, committed 3648K, reserved 1048576K
}
Event: 59.756 GC heap before
{Heap before GC invocations=5 (full 0):
 garbage-first heap   total reserved 2017280K, committed 62464K, used 45469K [0x0000000084e00000, 0x0000000100000000)
  region size 1024K, 31 young (31744K), 4 survivors (4096K)
 Metaspace       used 30549K, committed 30976K, reserved 1114112K
  class space    used 3698K, committed 3904K, reserved 1048576K
}
Event: 59.761 GC heap after
{Heap after GC invocations=6 (full 0):
 garbage-first heap   total reserved 2017280K, committed 62464K, used 18901K [0x0000000084e00000, 0x0000000100000000)
  region size 1024K, 2 young (2048K), 2 survivors (2048K)
 Metaspace       used 30549K, committed 30976K, reserved 1114112K
  class space    used 3698K, committed 3904K, reserved 1048576K
}
Event: 96.747 GC heap before
{Heap before GC invocations=6 (full 0):
 garbage-first heap   total reserved 2017280K, committed 62464K, used 50645K [0x0000000084e00000, 0x0000000100000000)
  region size 1024K, 31 young (31744K), 2 survivors (2048K)
 Metaspace       used 31869K, committed 32256K, reserved 1114112K
  class space    used 3842K, committed 4032K, reserved 1048576K
}
Event: 96.754 GC heap after
{Heap after GC invocations=7 (full 0):
 garbage-first heap   total reserved 2017280K, committed 62464K, used 22441K [0x0000000084e00000, 0x0000000100000000)
  region size 1024K, 4 young (4096K), 4 survivors (4096K)
 Metaspace       used 31869K, committed 32256K, reserved 1114112K
  class space    used 3842K, committed 4032K, reserved 1048576K
}
Event: 120.334 GC heap before
{Heap before GC invocations=7 (full 0):
 garbage-first heap   total reserved 2017280K, committed 62464K, used 51113K [0x0000000084e00000, 0x0000000100000000)
  region size 1024K, 31 young (31744K), 4 survivors (4096K)
 Metaspace       used 32324K, committed 32704K, reserved 1114112K
  class space    used 3861K, committed 4032K, reserved 1048576K
}
Event: 120.339 GC heap after
{Heap after GC invocations=8 (full 0):
 garbage-first heap   total reserved 2017280K, committed 62464K, used 25552K [0x0000000084e00000, 0x0000000100000000)
  region size 1024K, 4 young (4096K), 4 survivors (4096K)
 Metaspace       used 32324K, committed 32704K, reserved 1114112K
  class space    used 3861K, committed 4032K, reserved 1048576K
}
Event: 139.777 GC heap before
{Heap before GC invocations=8 (full 0):
 garbage-first heap   total reserved 2017280K, committed 62464K, used 54224K [0x0000000084e00000, 0x0000000100000000)
  region size 1024K, 29 young (29696K), 4 survivors (4096K)
 Metaspace       used 32523K, committed 32960K, reserved 1114112K
  class space    used 3878K, committed 4096K, reserved 1048576K
}
Event: 139.786 GC heap after
{Heap after GC invocations=9 (full 0):
 garbage-first heap   total reserved 2017280K, committed 62464K, used 28934K [0x0000000084e00000, 0x0000000100000000)
  region size 1024K, 4 young (4096K), 4 survivors (4096K)
 Metaspace       used 32523K, committed 32960K, reserved 1114112K
  class space    used 3878K, committed 4096K, reserved 1048576K
}
Event: 176.232 GC heap before
{Heap before GC invocations=9 (full 0):
 garbage-first heap   total reserved 2017280K, committed 62464K, used 53510K [0x0000000084e00000, 0x0000000100000000)
  region size 1024K, 26 young (26624K), 4 survivors (4096K)
 Metaspace       used 32669K, committed 33088K, reserved 1114112K
  class space    used 3885K, committed 4096K, reserved 1048576K
}
Event: 176.238 GC heap after
{Heap after GC invocations=10 (full 0):
 garbage-first heap   total reserved 2017280K, committed 62464K, used 32122K [0x0000000084e00000, 0x0000000100000000)
  region size 1024K, 4 young (4096K), 4 survivors (4096K)
 Metaspace       used 32669K, committed 33088K, reserved 1114112K
  class space    used 3885K, committed 4096K, reserved 1048576K
}
Event: 194.315 GC heap before
{Heap before GC invocations=10 (full 0):
 garbage-first heap   total reserved 2017280K, committed 62464K, used 51578K [0x0000000084e00000, 0x0000000100000000)
  region size 1024K, 23 young (23552K), 4 survivors (4096K)
 Metaspace       used 33278K, committed 33728K, reserved 1114112K
  class space    used 4012K, committed 4224K, reserved 1048576K
}
Event: 194.322 GC heap after
{Heap after GC invocations=11 (full 0):
 garbage-first heap   total reserved 2017280K, committed 62464K, used 34345K [0x0000000084e00000, 0x0000000100000000)
  region size 1024K, 3 young (3072K), 3 survivors (3072K)
 Metaspace       used 33278K, committed 33728K, reserved 1114112K
  class space    used 4012K, committed 4224K, reserved 1048576K
}
Event: 238.377 GC heap before
{Heap before GC invocations=12 (full 0):
 garbage-first heap   total reserved 2017280K, committed 62464K, used 50729K [0x0000000084e00000, 0x0000000100000000)
  region size 1024K, 22 young (22528K), 3 survivors (3072K)
 Metaspace       used 33389K, committed 33792K, reserved 1114112K
  class space    used 4013K, committed 4224K, reserved 1048576K
}
Event: 238.387 GC heap after
{Heap after GC invocations=13 (full 0):
 garbage-first heap   total reserved 2017280K, committed 62464K, used 33448K [0x0000000084e00000, 0x0000000100000000)
  region size 1024K, 3 young (3072K), 3 survivors (3072K)
 Metaspace       used 33389K, committed 33792K, reserved 1114112K
  class space    used 4013K, committed 4224K, reserved 1048576K
}
Event: 254.840 GC heap before
{Heap before GC invocations=13 (full 0):
 garbage-first heap   total reserved 2017280K, committed 62464K, used 52904K [0x0000000084e00000, 0x0000000100000000)
  region size 1024K, 22 young (22528K), 3 survivors (3072K)
 Metaspace       used 33489K, committed 33920K, reserved 1114112K
  class space    used 4014K, committed 4224K, reserved 1048576K
}
Event: 254.845 GC heap after
{Heap after GC invocations=14 (full 0):
 garbage-first heap   total reserved 2017280K, committed 62464K, used 29863K [0x0000000084e00000, 0x0000000100000000)
  region size 1024K, 2 young (2048K), 2 survivors (2048K)
 Metaspace       used 33489K, committed 33920K, reserved 1114112K
  class space    used 4014K, committed 4224K, reserved 1048576K
}

Dll operation events (20 events):
Event: 0.921 Loaded shared library C:\Users\pvrre\Downloads\openjfx-25_windows-x64_bin-sdk\javafx-sdk-25\bin\api-ms-win-crt-multibyte-l1-1-0.dll
Event: 0.927 Loaded shared library C:\Users\pvrre\Downloads\openjfx-25_windows-x64_bin-sdk\javafx-sdk-25\bin\api-ms-win-crt-private-l1-1-0.dll
Event: 0.929 Loaded shared library C:\Users\pvrre\Downloads\openjfx-25_windows-x64_bin-sdk\javafx-sdk-25\bin\api-ms-win-crt-process-l1-1-0.dll
Event: 0.933 Loaded shared library C:\Users\pvrre\Downloads\openjfx-25_windows-x64_bin-sdk\javafx-sdk-25\bin\api-ms-win-crt-runtime-l1-1-0.dll
Event: 0.937 Loaded shared library C:\Users\pvrre\Downloads\openjfx-25_windows-x64_bin-sdk\javafx-sdk-25\bin\api-ms-win-crt-stdio-l1-1-0.dll
Event: 0.940 Loaded shared library C:\Users\pvrre\Downloads\openjfx-25_windows-x64_bin-sdk\javafx-sdk-25\bin\api-ms-win-crt-string-l1-1-0.dll
Event: 0.942 Loaded shared library C:\Users\pvrre\Downloads\openjfx-25_windows-x64_bin-sdk\javafx-sdk-25\bin\api-ms-win-crt-time-l1-1-0.dll
Event: 0.946 Loaded shared library C:\Users\pvrre\Downloads\openjfx-25_windows-x64_bin-sdk\javafx-sdk-25\bin\api-ms-win-crt-utility-l1-1-0.dll
Event: 0.954 Loaded shared library C:\Users\pvrre\Downloads\openjfx-25_windows-x64_bin-sdk\javafx-sdk-25\bin\ucrtbase.dll
Event: 0.957 Loaded shared library C:\Users\pvrre\Downloads\openjfx-25_windows-x64_bin-sdk\javafx-sdk-25\bin\vcruntime140.dll
Event: 0.959 Loaded shared library C:\Users\pvrre\Downloads\openjfx-25_windows-x64_bin-sdk\javafx-sdk-25\bin\vcruntime140_1.dll
Event: 0.962 Loaded shared library C:\Users\pvrre\Downloads\openjfx-25_windows-x64_bin-sdk\javafx-sdk-25\bin\msvcp140.dll
Event: 0.964 Loaded shared library C:\Users\pvrre\Downloads\openjfx-25_windows-x64_bin-sdk\javafx-sdk-25\bin\msvcp140_1.dll
Event: 0.968 Loaded shared library C:\Users\pvrre\Downloads\openjfx-25_windows-x64_bin-sdk\javafx-sdk-25\bin\msvcp140_2.dll
Event: 1.010 Loaded shared library C:\Users\pvrre\Downloads\openjfx-25_windows-x64_bin-sdk\javafx-sdk-25\bin\prism_d3d.dll
Event: 1.097 Loaded shared library C:\Users\pvrre\Downloads\openjfx-25_windows-x64_bin-sdk\javafx-sdk-25\bin\glass.dll
Event: 1.320 Loaded shared library C:\Program Files\Java\jdk-24\bin\jimage.dll
Event: 1.745 Loaded shared library C:\Users\pvrre\Downloads\openjfx-25_windows-x64_bin-sdk\javafx-sdk-25\bin\javafx_font.dll
Event: 9.285 Loaded shared library C:\Program Files\Java\jdk-24\bin\sunmscapi.dll
Event: 262.656 Loaded shared library C:\Program Files\Java\jdk-24\bin\awt.dll

Deoptimization events (20 events):
Event: 262.782 Thread 0x000001dd5e40f9d0 Uncommon trap: trap_request=0xffffff4d fr.pc=0x000001dd106760b4 relative=0x0000000000000114
Event: 262.782 Thread 0x000001dd5e40f9d0 Uncommon trap: reason=unstable_if action=reinterpret pc=0x000001dd106760b4 method=java.lang.ThreadLocal$ThreadLocalMap.getEntry(Ljava/lang/ThreadLocal;)Ljava/lang/ThreadLocal$ThreadLocalMap$Entry; @ 29 c2
Event: 262.782 Thread 0x000001dd5e40f9d0 DEOPT PACKING pc=0x000001dd106760b4 sp=0x00000090883fdb20
Event: 262.782 Thread 0x000001dd5e40f9d0 DEOPT UNPACKING pc=0x000001dd0fe25802 sp=0x00000090883fd9e8 mode 2
Event: 262.784 Thread 0x000001dd5e40f9d0 Uncommon trap: trap_request=0xffffff4d fr.pc=0x000001dd1042bc1c relative=0x00000000000000fc
Event: 262.784 Thread 0x000001dd5e40f9d0 Uncommon trap: reason=unstable_if action=reinterpret pc=0x000001dd1042bc1c method=java.lang.ThreadLocal$ThreadLocalMap.getEntry(Ljava/lang/ThreadLocal;)Ljava/lang/ThreadLocal$ThreadLocalMap$Entry; @ 29 c2
Event: 262.784 Thread 0x000001dd5e40f9d0 DEOPT PACKING pc=0x000001dd1042bc1c sp=0x00000090883fd870
Event: 262.784 Thread 0x000001dd5e40f9d0 DEOPT UNPACKING pc=0x000001dd0fe25802 sp=0x00000090883fd7a0 mode 2
Event: 262.784 Thread 0x000001dd5e40f9d0 Uncommon trap: trap_request=0xffffffc6 fr.pc=0x000001dd107e7554 relative=0x0000000000000fb4
Event: 262.784 Thread 0x000001dd5e40f9d0 Uncommon trap: reason=bimorphic_or_optimized_type_check action=maybe_recompile pc=0x000001dd107e7554 method=java.util.Collections$SynchronizedMap.get(Ljava/lang/Object;)Ljava/lang/Object; @ 12 c2
Event: 262.784 Thread 0x000001dd5e40f9d0 DEOPT PACKING pc=0x000001dd107e7554 sp=0x00000090883fd870
Event: 262.784 Thread 0x000001dd5e40f9d0 DEOPT UNPACKING pc=0x000001dd0fe25802 sp=0x00000090883fd858 mode 2
Event: 262.784 Thread 0x000001dd5e40f9d0 Uncommon trap: trap_request=0xffffffc6 fr.pc=0x000001dd107e7554 relative=0x0000000000000fb4
Event: 262.784 Thread 0x000001dd5e40f9d0 Uncommon trap: reason=bimorphic_or_optimized_type_check action=maybe_recompile pc=0x000001dd107e7554 method=java.util.Collections$SynchronizedMap.get(Ljava/lang/Object;)Ljava/lang/Object; @ 12 c2
Event: 262.784 Thread 0x000001dd5e40f9d0 DEOPT PACKING pc=0x000001dd107e7554 sp=0x00000090883fd870
Event: 262.784 Thread 0x000001dd5e40f9d0 DEOPT UNPACKING pc=0x000001dd0fe25802 sp=0x00000090883fd858 mode 2
Event: 262.785 Thread 0x000001dd5e40f9d0 Uncommon trap: trap_request=0xffffffc6 fr.pc=0x000001dd107e7554 relative=0x0000000000000fb4
Event: 262.785 Thread 0x000001dd5e40f9d0 Uncommon trap: reason=bimorphic_or_optimized_type_check action=maybe_recompile pc=0x000001dd107e7554 method=java.util.Collections$SynchronizedMap.get(Ljava/lang/Object;)Ljava/lang/Object; @ 12 c2
Event: 262.785 Thread 0x000001dd5e40f9d0 DEOPT PACKING pc=0x000001dd107e7554 sp=0x00000090883fdac0
Event: 262.785 Thread 0x000001dd5e40f9d0 DEOPT UNPACKING pc=0x000001dd0fe25802 sp=0x00000090883fdaa8 mode 2

Classes loaded (20 events):
Event: 262.799 Loading class sun/awt/shell/Win32ShellFolderManager2$ComInvoker$1
Event: 262.799 Loading class sun/awt/shell/Win32ShellFolderManager2$ComInvoker$1 done
Event: 263.776 Loading class java/util/IdentityHashMap$ValueIterator
Event: 263.777 Loading class java/util/IdentityHashMap$ValueIterator done
Event: 263.777 Loading class sun/awt/AppContext$PostShutdownEventRunnable
Event: 263.777 Loading class sun/awt/AppContext$PostShutdownEventRunnable done
Event: 263.777 Loading class sun/awt/AWTAutoShutdown$1
Event: 263.777 Loading class sun/awt/AWTAutoShutdown$1 done
Event: 272.576 Loading class java/lang/invoke/InnerClassLambdaMetafactory$SerializationSupport
Event: 272.577 Loading class java/lang/invoke/InnerClassLambdaMetafactory$SerializationSupport done
Event: 272.577 Loading class java/lang/invoke/InnerClassLambdaMetafactory$4
Event: 272.578 Loading class java/lang/invoke/InnerClassLambdaMetafactory$4 done
Event: 272.578 Loading class sun/invoke/util/BytecodeDescriptor
Event: 272.579 Loading class sun/invoke/util/BytecodeDescriptor done
Event: 272.579 Loading class jdk/internal/classfile/impl/AbstractPoolEntry$IntegerEntryImpl
Event: 272.579 Loading class java/lang/classfile/constantpool/IntegerEntry
Event: 272.580 Loading class java/lang/classfile/constantpool/IntegerEntry done
Event: 272.580 Loading class jdk/internal/classfile/impl/AbstractPoolEntry$IntegerEntryImpl done
Event: 272.584 Loading class java/util/ArrayList$SubList$2
Event: 272.584 Loading class java/util/ArrayList$SubList$2 done

Classes unloaded (0 events):
No events

Classes redefined (0 events):
No events

Internal exceptions (20 events):
Event: 218.702 Thread 0x000001dd5e40f9d0 Exception <a 'java/net/SocketException'{0x0000000088220120}: Connection reset by peer: shutdown> (0x0000000088220120) 
thrown [s\open\src\hotspot\share\prims\jni.cpp, line 536]
Event: 231.836 Thread 0x000001dd5e40f9d0 Exception <a 'java/io/FileNotFoundException'{0x0000000087fde638}> (0x0000000087fde638) 
thrown [s\open\src\hotspot\share\prims\jni.cpp, line 518]
Event: 233.482 Thread 0x000001dd5e40f9d0 Exception <a 'java/io/FileNotFoundException'{0x0000000087d215a8}> (0x0000000087d215a8) 
thrown [s\open\src\hotspot\share\prims\jni.cpp, line 518]
Event: 234.325 Thread 0x000001dd5e40f9d0 Exception <a 'java/io/FileNotFoundException'{0x0000000087c83388}> (0x0000000087c83388) 
thrown [s\open\src\hotspot\share\prims\jni.cpp, line 518]
Event: 238.444 Thread 0x000001dd17bee380 Implicit null exception at 0x000001dd1079b5b9 to 0x000001dd1079b748
Event: 238.444 Thread 0x000001dd17bee380 Implicit null exception at 0x000001dd1046593a to 0x000001dd104659c8
Event: 239.630 Thread 0x000001dd5e40f9d0 Exception <a 'java/io/IOException'{0x000000008c412408}> (0x000000008c412408) 
thrown [s\open\src\hotspot\share\prims\jni.cpp, line 518]
Event: 240.642 Thread 0x000001dd5e40f9d0 Exception <a 'java/io/FileNotFoundException'{0x000000008c48e208}> (0x000000008c48e208) 
thrown [s\open\src\hotspot\share\prims\jni.cpp, line 518]
Event: 242.405 Thread 0x000001dd5e40f9d0 Exception <a 'java/io/FileNotFoundException'{0x0000000088545ba8}> (0x0000000088545ba8) 
thrown [s\open\src\hotspot\share\prims\jni.cpp, line 518]
Event: 243.722 Thread 0x000001dd5e40f9d0 Exception <a 'java/io/FileNotFoundException'{0x0000000087f3a948}> (0x0000000087f3a948) 
thrown [s\open\src\hotspot\share\prims\jni.cpp, line 518]
Event: 244.949 Thread 0x000001dd5e40f9d0 Exception <a 'java/io/FileNotFoundException'{0x0000000087e3d558}> (0x0000000087e3d558) 
thrown [s\open\src\hotspot\share\prims\jni.cpp, line 518]
Event: 253.632 Thread 0x000001dd5e40f9d0 Exception <a 'java/io/FileNotFoundException'{0x0000000087bb4b28}> (0x0000000087bb4b28) 
thrown [s\open\src\hotspot\share\prims\jni.cpp, line 518]
Event: 254.827 Thread 0x000001dd5e40f9d0 Exception <a 'java/io/FileNotFoundException'{0x0000000087989f68}> (0x0000000087989f68) 
thrown [s\open\src\hotspot\share\prims\jni.cpp, line 518]
Event: 256.670 Thread 0x000001dd5e40f9d0 Exception <a 'java/io/FileNotFoundException'{0x000000008c314180}> (0x000000008c314180) 
thrown [s\open\src\hotspot\share\prims\jni.cpp, line 518]
Event: 257.838 Thread 0x000001dd5e40f9d0 Exception <a 'java/io/FileNotFoundException'{0x00000000885da860}> (0x00000000885da860) 
thrown [s\open\src\hotspot\share\prims\jni.cpp, line 518]
Event: 262.636 Thread 0x000001dd5e40f9d0 Exception <a 'java/lang/ClassNotFoundException'{0x0000000087ff44d8}: sun/awt/resources/spi/awtProvider> (0x0000000087ff44d8) 
thrown [s\open\src\hotspot\share\classfile\systemDictionary.cpp, line 327]
Event: 262.657 Thread 0x000001dd5e40f9d0 Exception <a 'java/io/FileNotFoundException'{0x0000000087ff6ec0}> (0x0000000087ff6ec0) 
thrown [s\open\src\hotspot\share\prims\jni.cpp, line 518]
Event: 262.657 Thread 0x000001dd5e40f9d0 Exception <a 'java/io/FileNotFoundException'{0x0000000087ff7b80}> (0x0000000087ff7b80) 
thrown [s\open\src\hotspot\share\prims\jni.cpp, line 518]
Event: 272.575 Thread 0x000001dd5e40f9d0 Exception <a 'java/lang/NoSuchMethodError'{0x0000000087d784b8}: 'int java.lang.invoke.DirectMethodHandle$Holder.invokeStatic(java.lang.Object, java.lang.Object, java.lang.Object, java.lang.Object)'> (0x0000000087d784b8) 
thrown [s\open\src\hotspot\share\interpreter\linkResolver.cpp, line 805]
Event: 315.527 Thread 0x000001dd5e40f9d0 Exception <a 'java/io/FileNotFoundException'{0x0000000087a0d3f8}> (0x0000000087a0d3f8) 
thrown [s\open\src\hotspot\share\prims\jni.cpp, line 518]

VM Operations (20 events):
Event: 194.346 Executing VM operation: G1PauseCleanup
Event: 194.346 Executing VM operation: G1PauseCleanup done
Event: 238.377 Executing VM operation: G1CollectForAllocation (G1 Evacuation Pause)
Event: 238.388 Executing VM operation: G1CollectForAllocation (G1 Evacuation Pause) done
Event: 240.623 Executing VM operation: HandshakeAllThreads (HandshakeForDeflation)
Event: 240.623 Executing VM operation: HandshakeAllThreads (HandshakeForDeflation) done
Event: 240.623 Executing VM operation: RendezvousGCThreads
Event: 240.623 Executing VM operation: RendezvousGCThreads done
Event: 254.840 Executing VM operation: G1CollectForAllocation (G1 Evacuation Pause)
Event: 254.845 Executing VM operation: G1CollectForAllocation (G1 Evacuation Pause) done
Event: 262.780 Executing VM operation: HandshakeAllThreads (Deoptimize)
Event: 262.780 Executing VM operation: HandshakeAllThreads (Deoptimize) done
Event: 262.795 Executing VM operation: HandshakeAllThreads (Deoptimize)
Event: 262.795 Executing VM operation: HandshakeAllThreads (Deoptimize) done
Event: 272.583 Executing VM operation: HandshakeAllThreads (Deoptimize)
Event: 272.584 Executing VM operation: HandshakeAllThreads (Deoptimize) done
Event: 300.747 Executing VM operation: HandshakeAllThreads (HandshakeForDeflation)
Event: 300.747 Executing VM operation: HandshakeAllThreads (HandshakeForDeflation) done
Event: 300.747 Executing VM operation: RendezvousGCThreads
Event: 300.747 Executing VM operation: RendezvousGCThreads done

Memory protections (0 events):
No events

Nmethod flushes (20 events):
Event: 194.341 Thread 0x000001dd7f9810f0 flushing  nmethod 0x000001dd0896cf08
Event: 194.341 Thread 0x000001dd7f9810f0 flushing  nmethod 0x000001dd08a19b88
Event: 194.341 Thread 0x000001dd7f9810f0 flushing  nmethod 0x000001dd08a1cb08
Event: 194.341 Thread 0x000001dd7f9810f0 flushing  nmethod 0x000001dd08a1f608
Event: 194.341 Thread 0x000001dd7f9810f0 flushing  nmethod 0x000001dd08a47508
Event: 194.341 Thread 0x000001dd7f9810f0 flushing  nmethod 0x000001dd08acc708
Event: 194.341 Thread 0x000001dd7f9810f0 flushing  nmethod 0x000001dd08ad2b88
Event: 194.341 Thread 0x000001dd7f9810f0 flushing  nmethod 0x000001dd08ad3308
Event: 194.341 Thread 0x000001dd7f9810f0 flushing  nmethod 0x000001dd08aef908
Event: 194.341 Thread 0x000001dd7f9810f0 flushing  nmethod 0x000001dd08aefe08
Event: 194.341 Thread 0x000001dd7f9810f0 flushing  nmethod 0x000001dd08af2f08
Event: 194.341 Thread 0x000001dd7f9810f0 flushing  nmethod 0x000001dd08af3f88
Event: 194.341 Thread 0x000001dd7f9810f0 flushing  nmethod 0x000001dd08c3d608
Event: 194.341 Thread 0x000001dd7f9810f0 flushing  nmethod 0x000001dd08d3be08
Event: 194.341 Thread 0x000001dd7f9810f0 flushing  nmethod 0x000001dd08d3c488
Event: 194.341 Thread 0x000001dd7f9810f0 flushing  nmethod 0x000001dd08d66888
Event: 194.341 Thread 0x000001dd7f9810f0 flushing  nmethod 0x000001dd08d66c08
Event: 194.341 Thread 0x000001dd7f9810f0 flushing  nmethod 0x000001dd08d66f08
Event: 194.341 Thread 0x000001dd7f9810f0 flushing  nmethod 0x000001dd08d69808
Event: 194.341 Thread 0x000001dd7f9810f0 flushing  nmethod 0x000001dd08d9be08

Events (20 events):
Event: 178.125 Thread 0x000001dd7f99a360 Thread added: 0x000001dd5db7e920
Event: 178.585 Thread 0x000001dd5db7e920 Thread exited: 0x000001dd5db7e920
Event: 178.585 Thread 0x000001dd5db7da00 Thread exited: 0x000001dd5db7da00
Event: 190.771 Thread 0x000001dd7f9b0b20 Thread added: 0x000001dd5db7cae0
Event: 191.854 Thread 0x000001dd5db7cae0 Thread exited: 0x000001dd5db7cae0
Event: 234.356 Thread 0x000001dd7f99a360 Thread added: 0x000001dd5db7b430
Event: 235.838 Thread 0x000001dd5db7b430 Thread exited: 0x000001dd5db7b430
Event: 242.432 Thread 0x000001dd7f9b0b20 Thread added: 0x000001dd5db7bbc0
Event: 243.164 Thread 0x000001dd5db7bbc0 Thread exited: 0x000001dd5db7bbc0
Event: 254.853 Thread 0x000001dd7f9b0b20 Thread added: 0x000001dd5db7f0b0
Event: 256.570 Thread 0x000001dd5db7f0b0 Thread exited: 0x000001dd5db7f0b0
Event: 257.863 Thread 0x000001dd7f9b0b20 Thread added: 0x000001dd5db7cae0
Event: 260.310 Thread 0x000001dd5db7cae0 Thread exited: 0x000001dd5db7cae0
Event: 262.766 Thread 0x000001dd5e40f9d0 Thread added: 0x000001dd6d2c3780
Event: 262.768 Thread 0x000001dd5e40f9d0 Thread added: 0x000001dd6d2c3ed0
Event: 262.769 Thread 0x000001dd5e40f9d0 Thread added: 0x000001dd6d2c4620
Event: 262.799 Thread 0x000001dd5e40f9d0 Thread added: 0x000001dd6d2c2190
Event: 263.777 Thread 0x000001dd6d2c3ed0 Thread exited: 0x000001dd6d2c3ed0
Event: 264.303 Thread 0x000001dd6d2c4620 Thread added: 0x000001dd6d2c1a40
Event: 265.316 Thread 0x000001dd6d2c1a40 Thread exited: 0x000001dd6d2c1a40


Dynamic libraries:
0x00007ff7473a0000 - 0x00007ff7473b0000 	C:\Program Files\Java\jdk-24\bin\java.exe
0x00007fff17360000 - 0x00007fff175c8000 	C:\WINDOWS\SYSTEM32\ntdll.dll
0x00007fff16100000 - 0x00007fff161c9000 	C:\WINDOWS\System32\KERNEL32.DLL
0x00007fff14730000 - 0x00007fff14b22000 	C:\WINDOWS\System32\KERNELBASE.dll
0x00007fff14fe0000 - 0x00007fff1512b000 	C:\WINDOWS\System32\ucrtbase.dll
0x00007ffeff870000 - 0x00007ffeff886000 	C:\Program Files\Java\jdk-24\bin\jli.dll
0x00007fff09020000 - 0x00007fff0903b000 	C:\Program Files\Java\jdk-24\bin\VCRUNTIME140.dll
0x00007fff16950000 - 0x00007fff16b15000 	C:\WINDOWS\System32\USER32.dll
0x00007fff144f0000 - 0x00007fff14517000 	C:\WINDOWS\System32\win32u.dll
0x00007ffefbc10000 - 0x00007ffefbea3000 	C:\WINDOWS\WinSxS\amd64_microsoft.windows.common-controls_6595b64144ccf1df_6.0.26100.6899_none_3e0efeeae32e88c1\COMCTL32.dll
0x00007fff165f0000 - 0x00007fff1661b000 	C:\WINDOWS\System32\GDI32.dll
0x00007fff16fb0000 - 0x00007fff17059000 	C:\WINDOWS\System32\msvcrt.dll
0x00007fff14d40000 - 0x00007fff14e6d000 	C:\WINDOWS\System32\gdi32full.dll
0x00007fff14680000 - 0x00007fff14723000 	C:\WINDOWS\System32\msvcp_win.dll
0x00007fff160c0000 - 0x00007fff160ef000 	C:\WINDOWS\System32\IMM32.DLL
0x00007fff0e210000 - 0x00007fff0e21c000 	C:\Program Files\Java\jdk-24\bin\vcruntime140_1.dll
0x00007ffeefd40000 - 0x00007ffeefdce000 	C:\Program Files\Java\jdk-24\bin\msvcp140.dll
0x00007ffe7c0d0000 - 0x00007ffe7ce72000 	C:\Program Files\Java\jdk-24\bin\server\jvm.dll
0x00007fff161d0000 - 0x00007fff16284000 	C:\WINDOWS\System32\ADVAPI32.dll
0x00007fff15fe0000 - 0x00007fff16086000 	C:\WINDOWS\System32\sechost.dll
0x00007fff16730000 - 0x00007fff16848000 	C:\WINDOWS\System32\RPCRT4.dll
0x00007fff16290000 - 0x00007fff16304000 	C:\WINDOWS\System32\WS2_32.dll
0x00007fff14350000 - 0x00007fff143ae000 	C:\WINDOWS\SYSTEM32\POWRPROF.dll
0x00007fff110f0000 - 0x00007fff11125000 	C:\WINDOWS\SYSTEM32\WINMM.dll
0x00007ffefdf10000 - 0x00007ffefdf1b000 	C:\WINDOWS\SYSTEM32\VERSION.dll
0x00007fff14330000 - 0x00007fff14344000 	C:\WINDOWS\SYSTEM32\UMPDC.dll
0x00007fff13290000 - 0x00007fff132ab000 	C:\WINDOWS\SYSTEM32\kernel.appcore.dll
0x00007fff083a0000 - 0x00007fff083aa000 	C:\Program Files\Java\jdk-24\bin\jimage.dll
0x00007fff11e40000 - 0x00007fff12082000 	C:\WINDOWS\SYSTEM32\DBGHELP.DLL
0x00007fff15c60000 - 0x00007fff15fdb000 	C:\WINDOWS\System32\combase.dll
0x00007fff16310000 - 0x00007fff163e7000 	C:\WINDOWS\System32\OLEAUT32.dll
0x00007ffefb450000 - 0x00007ffefb48c000 	C:\WINDOWS\SYSTEM32\dbgcore.DLL
0x00007fff145e0000 - 0x00007fff14678000 	C:\WINDOWS\System32\bcryptPrimitives.dll
0x00007ffef6290000 - 0x00007ffef629f000 	C:\Program Files\Java\jdk-24\bin\instrument.dll
0x00007ffef6190000 - 0x00007ffef61ae000 	C:\Program Files\Java\jdk-24\bin\java.dll
0x00007fff16440000 - 0x00007fff165d8000 	C:\WINDOWS\System32\ole32.dll
0x00007fff152b0000 - 0x00007fff159fd000 	C:\WINDOWS\System32\SHELL32.dll
0x00007fff14e70000 - 0x00007fff14fdb000 	C:\WINDOWS\System32\wintypes.dll
0x00007fff12100000 - 0x00007fff1295d000 	C:\WINDOWS\SYSTEM32\windows.storage.dll
0x00007fff16850000 - 0x00007fff16942000 	C:\WINDOWS\System32\SHCORE.dll
0x00007fff15bf0000 - 0x00007fff15c52000 	C:\WINDOWS\System32\shlwapi.dll
0x00007fff14410000 - 0x00007fff14439000 	C:\WINDOWS\SYSTEM32\profapi.dll
0x00007ffed3250000 - 0x00007ffed3327000 	C:\Program Files\Java\jdk-24\bin\jsvml.dll
0x00007ffef6150000 - 0x00007ffef6160000 	C:\Program Files\Java\jdk-24\bin\net.dll
0x00007fff13810000 - 0x00007fff1387b000 	C:\WINDOWS\system32\mswsock.dll
0x00007ffef3b00000 - 0x00007ffef3b16000 	C:\Program Files\Java\jdk-24\bin\nio.dll
0x00007ffef20e0000 - 0x00007ffef20f7000 	C:\Program Files\Java\jdk-24\bin\zip.dll
0x00007ffef6140000 - 0x00007ffef6149000 	C:\Program Files\Java\jdk-24\bin\extnet.dll
0x000001dd17d10000 - 0x000001dd17d14000 	C:\Users\pvrre\Downloads\openjfx-25_windows-x64_bin-sdk\javafx-sdk-25\bin\api-ms-win-core-console-l1-1-0.dll
0x000001dd17d20000 - 0x000001dd17d24000 	C:\Users\pvrre\Downloads\openjfx-25_windows-x64_bin-sdk\javafx-sdk-25\bin\api-ms-win-core-console-l1-2-0.dll
0x000001dd17bf0000 - 0x000001dd17bf4000 	C:\Users\pvrre\Downloads\openjfx-25_windows-x64_bin-sdk\javafx-sdk-25\bin\api-ms-win-core-datetime-l1-1-0.dll
0x000001dd17c00000 - 0x000001dd17c04000 	C:\Users\pvrre\Downloads\openjfx-25_windows-x64_bin-sdk\javafx-sdk-25\bin\api-ms-win-core-debug-l1-1-0.dll
0x000001dd17c10000 - 0x000001dd17c14000 	C:\Users\pvrre\Downloads\openjfx-25_windows-x64_bin-sdk\javafx-sdk-25\bin\api-ms-win-core-errorhandling-l1-1-0.dll
0x000001dd17c20000 - 0x000001dd17c25000 	C:\Users\pvrre\Downloads\openjfx-25_windows-x64_bin-sdk\javafx-sdk-25\bin\api-ms-win-core-file-l1-1-0.dll
0x000001dd17c30000 - 0x000001dd17c34000 	C:\Users\pvrre\Downloads\openjfx-25_windows-x64_bin-sdk\javafx-sdk-25\bin\api-ms-win-core-file-l1-2-0.dll
0x000001dd17c40000 - 0x000001dd17c44000 	C:\Users\pvrre\Downloads\openjfx-25_windows-x64_bin-sdk\javafx-sdk-25\bin\api-ms-win-core-file-l2-1-0.dll
0x000001dd17c50000 - 0x000001dd17c54000 	C:\Users\pvrre\Downloads\openjfx-25_windows-x64_bin-sdk\javafx-sdk-25\bin\api-ms-win-core-handle-l1-1-0.dll
0x000001dd17c60000 - 0x000001dd17c64000 	C:\Users\pvrre\Downloads\openjfx-25_windows-x64_bin-sdk\javafx-sdk-25\bin\api-ms-win-core-heap-l1-1-0.dll
0x000001dd17c70000 - 0x000001dd17c74000 	C:\Users\pvrre\Downloads\openjfx-25_windows-x64_bin-sdk\javafx-sdk-25\bin\api-ms-win-core-interlocked-l1-1-0.dll
0x000001dd17c80000 - 0x000001dd17c84000 	C:\Users\pvrre\Downloads\openjfx-25_windows-x64_bin-sdk\javafx-sdk-25\bin\api-ms-win-core-libraryloader-l1-1-0.dll
0x000001dd17c90000 - 0x000001dd17c94000 	C:\Users\pvrre\Downloads\openjfx-25_windows-x64_bin-sdk\javafx-sdk-25\bin\api-ms-win-core-localization-l1-2-0.dll
0x000001dd17ca0000 - 0x000001dd17ca4000 	C:\Users\pvrre\Downloads\openjfx-25_windows-x64_bin-sdk\javafx-sdk-25\bin\api-ms-win-core-memory-l1-1-0.dll
0x000001dd17cb0000 - 0x000001dd17cb4000 	C:\Users\pvrre\Downloads\openjfx-25_windows-x64_bin-sdk\javafx-sdk-25\bin\api-ms-win-core-namedpipe-l1-1-0.dll
0x000001dd17cc0000 - 0x000001dd17cc4000 	C:\Users\pvrre\Downloads\openjfx-25_windows-x64_bin-sdk\javafx-sdk-25\bin\api-ms-win-core-processenvironment-l1-1-0.dll
0x000001dd17cd0000 - 0x000001dd17cd4000 	C:\Users\pvrre\Downloads\openjfx-25_windows-x64_bin-sdk\javafx-sdk-25\bin\api-ms-win-core-processthreads-l1-1-0.dll
0x000001dd17ce0000 - 0x000001dd17ce4000 	C:\Users\pvrre\Downloads\openjfx-25_windows-x64_bin-sdk\javafx-sdk-25\bin\api-ms-win-core-processthreads-l1-1-1.dll
0x000001dd17cf0000 - 0x000001dd17cf4000 	C:\Users\pvrre\Downloads\openjfx-25_windows-x64_bin-sdk\javafx-sdk-25\bin\api-ms-win-core-profile-l1-1-0.dll
0x000001dd17d00000 - 0x000001dd17d04000 	C:\Users\pvrre\Downloads\openjfx-25_windows-x64_bin-sdk\javafx-sdk-25\bin\api-ms-win-core-rtlsupport-l1-1-0.dll
0x000001dd17d30000 - 0x000001dd17d34000 	C:\Users\pvrre\Downloads\openjfx-25_windows-x64_bin-sdk\javafx-sdk-25\bin\api-ms-win-core-string-l1-1-0.dll
0x000001dd17d40000 - 0x000001dd17d44000 	C:\Users\pvrre\Downloads\openjfx-25_windows-x64_bin-sdk\javafx-sdk-25\bin\api-ms-win-core-synch-l1-1-0.dll
0x000001dd17d50000 - 0x000001dd17d54000 	C:\Users\pvrre\Downloads\openjfx-25_windows-x64_bin-sdk\javafx-sdk-25\bin\api-ms-win-core-synch-l1-2-0.dll
0x000001dd17d60000 - 0x000001dd17d64000 	C:\Users\pvrre\Downloads\openjfx-25_windows-x64_bin-sdk\javafx-sdk-25\bin\api-ms-win-core-sysinfo-l1-1-0.dll
0x000001dd17d70000 - 0x000001dd17d74000 	C:\Users\pvrre\Downloads\openjfx-25_windows-x64_bin-sdk\javafx-sdk-25\bin\api-ms-win-core-timezone-l1-1-0.dll
0x000001dd17d80000 - 0x000001dd17d84000 	C:\Users\pvrre\Downloads\openjfx-25_windows-x64_bin-sdk\javafx-sdk-25\bin\api-ms-win-core-util-l1-1-0.dll
0x000001dd17d90000 - 0x000001dd17d94000 	C:\Users\pvrre\Downloads\openjfx-25_windows-x64_bin-sdk\javafx-sdk-25\bin\api-ms-win-crt-conio-l1-1-0.dll
0x000001dd17da0000 - 0x000001dd17da5000 	C:\Users\pvrre\Downloads\openjfx-25_windows-x64_bin-sdk\javafx-sdk-25\bin\api-ms-win-crt-convert-l1-1-0.dll
0x000001dd17db0000 - 0x000001dd17db4000 	C:\Users\pvrre\Downloads\openjfx-25_windows-x64_bin-sdk\javafx-sdk-25\bin\api-ms-win-crt-environment-l1-1-0.dll
0x000001dd17dc0000 - 0x000001dd17dc4000 	C:\Users\pvrre\Downloads\openjfx-25_windows-x64_bin-sdk\javafx-sdk-25\bin\api-ms-win-crt-filesystem-l1-1-0.dll
0x000001dd17dd0000 - 0x000001dd17dd4000 	C:\Users\pvrre\Downloads\openjfx-25_windows-x64_bin-sdk\javafx-sdk-25\bin\api-ms-win-crt-heap-l1-1-0.dll
0x000001dd17de0000 - 0x000001dd17de4000 	C:\Users\pvrre\Downloads\openjfx-25_windows-x64_bin-sdk\javafx-sdk-25\bin\api-ms-win-crt-locale-l1-1-0.dll
0x000001dd17df0000 - 0x000001dd17df6000 	C:\Users\pvrre\Downloads\openjfx-25_windows-x64_bin-sdk\javafx-sdk-25\bin\api-ms-win-crt-math-l1-1-0.dll
0x000001dd17e00000 - 0x000001dd17e06000 	C:\Users\pvrre\Downloads\openjfx-25_windows-x64_bin-sdk\javafx-sdk-25\bin\api-ms-win-crt-multibyte-l1-1-0.dll
0x000001dd17e10000 - 0x000001dd17e21000 	C:\Users\pvrre\Downloads\openjfx-25_windows-x64_bin-sdk\javafx-sdk-25\bin\api-ms-win-crt-private-l1-1-0.dll
0x000001dd17e30000 - 0x000001dd17e34000 	C:\Users\pvrre\Downloads\openjfx-25_windows-x64_bin-sdk\javafx-sdk-25\bin\api-ms-win-crt-process-l1-1-0.dll
0x000001dd17e40000 - 0x000001dd17e45000 	C:\Users\pvrre\Downloads\openjfx-25_windows-x64_bin-sdk\javafx-sdk-25\bin\api-ms-win-crt-runtime-l1-1-0.dll
0x000001dd17e50000 - 0x000001dd17e55000 	C:\Users\pvrre\Downloads\openjfx-25_windows-x64_bin-sdk\javafx-sdk-25\bin\api-ms-win-crt-stdio-l1-1-0.dll
0x000001dd17e60000 - 0x000001dd17e65000 	C:\Users\pvrre\Downloads\openjfx-25_windows-x64_bin-sdk\javafx-sdk-25\bin\api-ms-win-crt-string-l1-1-0.dll
0x000001dd17e70000 - 0x000001dd17e74000 	C:\Users\pvrre\Downloads\openjfx-25_windows-x64_bin-sdk\javafx-sdk-25\bin\api-ms-win-crt-time-l1-1-0.dll
0x000001dd17e80000 - 0x000001dd17e84000 	C:\Users\pvrre\Downloads\openjfx-25_windows-x64_bin-sdk\javafx-sdk-25\bin\api-ms-win-crt-utility-l1-1-0.dll
0x00007ffea9b70000 - 0x00007ffea9c81000 	C:\Users\pvrre\Downloads\openjfx-25_windows-x64_bin-sdk\javafx-sdk-25\bin\ucrtbase.dll
0x00007ffeefc40000 - 0x00007ffeefc5e000 	C:\Users\pvrre\Downloads\openjfx-25_windows-x64_bin-sdk\javafx-sdk-25\bin\vcruntime140.dll
0x00007ffeefc30000 - 0x00007ffeefc3c000 	C:\Users\pvrre\Downloads\openjfx-25_windows-x64_bin-sdk\javafx-sdk-25\bin\vcruntime140_1.dll
0x00007ffeb9fa0000 - 0x00007ffeba02d000 	C:\Users\pvrre\Downloads\openjfx-25_windows-x64_bin-sdk\javafx-sdk-25\bin\msvcp140.dll
0x00007ffedcb30000 - 0x00007ffedcb39000 	C:\Users\pvrre\Downloads\openjfx-25_windows-x64_bin-sdk\javafx-sdk-25\bin\msvcp140_1.dll
0x00007ffed43d0000 - 0x00007ffed4411000 	C:\Users\pvrre\Downloads\openjfx-25_windows-x64_bin-sdk\javafx-sdk-25\bin\msvcp140_2.dll
0x00007ffed31e0000 - 0x00007ffed3210000 	C:\Users\pvrre\Downloads\openjfx-25_windows-x64_bin-sdk\javafx-sdk-25\bin\prism_d3d.dll
0x00007ffe86a10000 - 0x00007ffe86bc0000 	C:\WINDOWS\system32\d3d9.dll
0x00007fff11480000 - 0x00007fff114ad000 	C:\WINDOWS\SYSTEM32\dwmapi.dll
0x00007fff115d0000 - 0x00007fff11614000 	C:\WINDOWS\SYSTEM32\dxcore.dll
0x00007fff111b0000 - 0x00007fff1125a000 	C:\WINDOWS\system32\uxtheme.dll
0x00007ffe951e0000 - 0x00007ffe9547f000 	C:\WINDOWS\System32\DriverStore\FileRepository\iigd_dch.inf_amd64_f344d94c9bb38be4\igdumdim64.dll
0x00007ffe937d0000 - 0x00007ffe951d8000 	C:\WINDOWS\System32\DriverStore\FileRepository\iigd_dch.inf_amd64_f344d94c9bb38be4\igd9trinity64.dll
0x00007fff11320000 - 0x00007fff1145b000 	C:\WINDOWS\system32\dxgi.dll
0x00007fff062f0000 - 0x00007fff0689a000 	C:\WINDOWS\System32\DriverStore\FileRepository\iigd_dch.inf_amd64_f344d94c9bb38be4\igdgmm64.dll
0x00007fff00cd0000 - 0x00007fff05f44000 	C:\WINDOWS\System32\DriverStore\FileRepository\iigd_dch.inf_amd64_f344d94c9bb38be4\igc64.dll
0x00007ffec66f0000 - 0x00007ffec673d000 	C:\WINDOWS\SYSTEM32\ControlLib.dll
0x00007fff14040000 - 0x00007fff14097000 	C:\WINDOWS\SYSTEM32\CFGMGR32.dll
0x00007ffec6640000 - 0x00007ffec66ec000 	C:\WINDOWS\System32\DriverStore\FileRepository\iigd_dch.inf_amd64_f344d94c9bb38be4\IntelControlLib.dll
0x00007fff09b80000 - 0x00007fff09be3000 	C:\WINDOWS\SYSTEM32\directxdatabasehelper.dll
0x00007ffe914e0000 - 0x00007ffe92c04000 	C:\WINDOWS\System32\DriverStore\FileRepository\iigd_dch.inf_amd64_f344d94c9bb38be4\igd9dxva64.dll
0x00007fff16b20000 - 0x00007fff16fa8000 	C:\WINDOWS\System32\SETUPAPI.dll
0x00007ffee45e0000 - 0x00007ffee6660000 	C:\WINDOWS\System32\DriverStore\FileRepository\iigd_dch.inf_amd64_f344d94c9bb38be4\media_bin_64.dll
0x00007ffed3190000 - 0x00007ffed31d9000 	C:\Users\pvrre\Downloads\openjfx-25_windows-x64_bin-sdk\javafx-sdk-25\bin\glass.dll
0x00007fff171c0000 - 0x00007fff172b3000 	C:\WINDOWS\System32\COMDLG32.dll
0x00007fff151f0000 - 0x00007fff152a1000 	C:\WINDOWS\System32\clbcatq.dll
0x00007ffef2210000 - 0x00007ffef2360000 	C:\Windows\System32\Windows.UI.dll
0x00007ffed9930000 - 0x00007ffed99eb000 	C:\Windows\System32\Windows.Networking.Connectivity.dll
0x00007ffeff200000 - 0x00007ffeff445000 	C:\Windows\System32\twinapi.appcore.dll
0x00007fff17060000 - 0x00007fff171bb000 	C:\WINDOWS\System32\MSCTF.dll
0x00007ffe934b0000 - 0x00007ffe93652000 	C:\WINDOWS\System32\DriverStore\FileRepository\iigd_dch.inf_amd64_f344d94c9bb38be4\igdml64.dll
0x00007ffee4530000 - 0x00007ffee4558000 	C:\WINDOWS\System32\DriverStore\FileRepository\iigd_dch.inf_amd64_f344d94c9bb38be4\igdinfo64.dll
0x00007ffede2b0000 - 0x00007ffede3fe000 	C:\Windows\System32\Windows.UI.Immersive.dll
0x00007fff08f80000 - 0x00007fff08f99000 	C:\WINDOWS\System32\npmproxy.dll
0x00007fff09980000 - 0x00007fff09a0e000 	C:\WINDOWS\SYSTEM32\wlanapi.dll
0x00007fff09950000 - 0x00007fff09972000 	C:\WINDOWS\SYSTEM32\MobileNetworking.dll
0x00007fff12c80000 - 0x00007fff12cb4000 	C:\Windows\System32\IPHLPAPI.DLL
0x00007fff15a00000 - 0x00007fff15a0a000 	C:\WINDOWS\System32\NSI.dll
0x00007ffed5c50000 - 0x00007ffed5c63000 	C:\Windows\System32\dusmapi.dll

JVMTI agents:
C:\Program Files\JetBrains\IntelliJ IDEA Community Edition 2025.2.2\lib\idea_rt.jar path:C:\Program Files\Java\jdk-24\bin\instrument.dll, loaded, initialized, instrumentlib options:65026

dbghelp: loaded successfully - version: 4.0.5 - missing functions: none
symbol engine: initialized successfully - sym options: 0x614 - pdb path: .;C:\Program Files\Java\jdk-24\bin;C:\WINDOWS\SYSTEM32;C:\WINDOWS\WinSxS\amd64_microsoft.windows.common-controls_6595b64144ccf1df_6.0.26100.6899_none_3e0efeeae32e88c1;C:\Program Files\Java\jdk-24\bin\server;C:\Users\pvrre\Downloads\openjfx-25_windows-x64_bin-sdk\javafx-sdk-25\bin;C:\WINDOWS\System32\DriverStore\FileRepository\iigd_dch.inf_amd64_f344d94c9bb38be4;C:\Program Files\Common Files\Microsoft Shared\Ink;C:\WINDOWS\WinSxS\amd64_microsoft.windows.gdiplus_6595b64144ccf1df_1.1.26100.6725_none_6ef34b0e3dc6ea59;C:\Program Files\Microsoft OneDrive\25.206.1021.0003

VM Arguments:
jvm_args: --module-path=C:\Users\pvrre\Downloads\openjfx-25_windows-x64_bin-sdk\javafx-sdk-25\lib --add-modules=javafx.controls,javafx.fxml --enable-native-access=javafx.graphics -javaagent:C:\Program Files\JetBrains\IntelliJ IDEA Community Edition 2025.2.2\lib\idea_rt.jar=65026 -Dfile.encoding=UTF-8 -Dsun.stdout.encoding=UTF-8 -Dsun.stderr.encoding=UTF-8 
java_command: com.example.nyanam.Main
java_class_path (initial): C:\Users\pvrre\Downloads\Nyanam\Nyanam\target\classes;C:\Users\pvrre\.m2\repository\org\openjfx\javafx-controls\21.0.6\javafx-controls-21.0.6.jar;C:\Users\pvrre\.m2\repository\org\openjfx\javafx-controls\21.0.6\javafx-controls-21.0.6-win.jar;C:\Users\pvrre\.m2\repository\org\openjfx\javafx-graphics\21.0.6\javafx-graphics-21.0.6.jar;C:\Users\pvrre\.m2\repository\org\openjfx\javafx-graphics\21.0.6\javafx-graphics-21.0.6-win.jar;C:\Users\pvrre\.m2\repository\org\openjfx\javafx-base\21.0.6\javafx-base-21.0.6.jar;C:\Users\pvrre\.m2\repository\org\openjfx\javafx-base\21.0.6\javafx-base-21.0.6-win.jar;C:\Users\pvrre\.m2\repository\org\openjfx\javafx-fxml\21.0.6\javafx-fxml-21.0.6.jar;C:\Users\pvrre\.m2\repository\org\openjfx\javafx-fxml\21.0.6\javafx-fxml-21.0.6-win.jar;C:\Users\pvrre\.m2\repository\org\openjfx\javafx-web\21.0.6\javafx-web-21.0.6.jar;C:\Users\pvrre\.m2\repository\org\openjfx\javafx-web\21.0.6\javafx-web-21.0.6-win.jar;C:\Users\pvrre\.m2\repository\org\openjfx\javafx-swing\21.0.6\javafx-swing-21.0.6.jar;C:\Users\pvrre\.m2\repository\org\openjfx\javafx-swing\21.0.6\javafx-swing-21.0.6-win.jar;C:\Users\pvrre\.m2\repository\org\openjfx\javafx-media\21.0.6\javafx-media-21.0.6.jar;C:\Users\pvrre\.m2\repository\org\openjfx\javafx-media\21.0.6\javafx-media-21.0.6-win.jar;C:\Users\pvrre\.m2\repository\org\controlsfx\controlsfx\11.2.1\controlsfx-11.2.1.jar;C:\Users\pvrre\.m2\repository\com\dlsc\formsfx\formsfx-core\11.6.0\formsfx-core-11.6.0.jar;C:\Users\pvrre\.m2\repository\net\synedra\validatorfx\0.6.1\validatorfx-0.6.1.jar;C:\Users\pvrre\.m2\repository\org\kordamp\ikonli\ikonli-javafx\12.3.1\ikonli-javafx-12.3.1.jar;C:\Users\pvrre\.m2\repository\org\kordamp\ikonli\ikonli-core\12.3.1\ikonli-core-12.3.1.jar;C:\Users\pvrre\.m2\repository\org\kordamp\bootstrapfx\bootstrapfx-core\0.4.0\bootstrapfx-core-0.4.0.jar;C:\Users\pvrre\.m2\repository\eu\hansolo\tilesfx\21.0.9\tilesfx-21.0.9.jar;C:\Users\pvrre\.m2\repository\eu\hansolo\fx\countries\21.0.17\countries-21.0.17.jar;C:\Users\pvrre\.m2\repository\eu\hansolo\fx\heatmap\21.0.5\heatmap-21.0.5.jar;C:\Users\pvrre\.m2\repository\eu\hansolo\toolboxfx\21.0.5\toolboxfx-21.0.5.jar;C:\Users\pvrre\.m2\repository\eu\hansolo\toolbox\21.0.9\toolbox-21.0.9.jar;C:\Users\pvrre\.m2\repository\com\github\almasb\fxgl\17.3\fxgl-17.3.jar;C:\Users\pvrre\.m2\repository\com\github\almasb\fxgl-core\17.3\fxgl-core-17.3.jar;C:\Users\pvrre\.m2\repository\com\gluonhq\attach\audio\4.0.17\audio-4.0.17.jar;C:\Users\pvrre\.m2\repository\com\github\almasb\fxgl-io\17.3\fxgl-io-17.3.jar;C:\Users\pvrre\.m2\repository\com\gluonhq\attach\storage\4.0.17\storage-4.0.17.jar;C:\Users\pvrre\.m2\repository\com\gluonhq\attach\util\4.0.17\util-4.0.17.jar;C:\Users\pvrre\.m2\repository\com\github\almasb\fxgl-entity\17.3\fxgl-entity-17.3.jar;C:\Users\pvrre\.m2\repository\com\github\almasb\fxgl-scene\17.3\fxgl-scene-17.3.jar;C:\Users\pvrre\.m2\repository\com\github\almasb\fxgl-gameplay\17.3\fxgl-gameplay-17.3.jar;C:\Users\pvrre\.m2\repository\com\fasterxml\jackson\core\jackson-annotations\2.14.2\jackson-annotations-2.14.2.jar;C:\Users\pvrre\.m2\repository\com\fasterxml\jackson\core\jackson-databind\2.14.2\jackson-databind-2.14.2.jar;C:\Users\pvrre\.m2\repository\com\fasterxml\jackson\core\jackson-core\2.14.2\jackson-core-2.14.2.jar;C:\Users\pvrre\.m2\repository\com\gluonhq\attach\lifecycle\4.0.17\lifecycle-4.0.17.jar;C:\Users\pvrre\.m2\repository\org\jetbrains\kotlin\kotlin-stdlib\1.8.10\kotlin-stdlib-1.8.10.jar;C:\Users\pvrre\.m2\repository\org\jetbrains\kotlin\kotlin-stdlib-common\1.8.10\kotlin-stdlib-common-1.8.10.jar;C:\Users\pvrre\.m2\repository\org\jetbrains\annotations\13.0\annotations-13.0.jar;C:\Users\pvrre\Downloads\mysql-connector-j-9.4.0\mysql-connector-j-9.4.0\mysql-connector-j-9.4.0.jar
Launcher Type: SUN_STANDARD

[Global flags]
     intx CICompilerCount                          = 4                                         {product} {ergonomic}
     uint ConcGCThreads                            = 3                                         {product} {ergonomic}
     uint G1ConcRefinementThreads                  = 10                                        {product} {ergonomic}
   size_t G1HeapRegionSize                         = 1048576                                   {product} {ergonomic}
   size_t InitialHeapSize                          = 130023424                                 {product} {ergonomic}
   size_t MarkStackSize                            = 4194304                                   {product} {ergonomic}
   size_t MarkStackSizeMax                         = 536870912                                 {product} {ergonomic}
   size_t MaxHeapSize                              = 2065694720                                {product} {ergonomic}
   size_t MaxNewSize                               = 1239416832                                {product} {ergonomic}
   size_t MinHeapDeltaBytes                        = 1048576                                   {product} {ergonomic}
   size_t MinHeapSize                              = 8388608                                   {product} {ergonomic}
    uintx NonNMethodCodeHeapSize                   = 5832704                                {pd product} {ergonomic}
    uintx NonProfiledCodeHeapSize                  = 122945536                              {pd product} {ergonomic}
    uintx ProfiledCodeHeapSize                     = 122880000                              {pd product} {ergonomic}
    uintx ReservedCodeCacheSize                    = 251658240                              {pd product} {ergonomic}
     bool SegmentedCodeCache                       = true                                      {product} {ergonomic}
   size_t SoftMaxHeapSize                          = 2065694720                             {manageable} {ergonomic}
     bool UseCompressedOops                        = true                           {product lp64_product} {ergonomic}
     bool UseG1GC                                  = true                                      {product} {ergonomic}
     bool UseLargePagesIndividualAllocation        = false                                  {pd product} {ergonomic}

Logging:
Log output configuration:
 #0: stdout all=warning uptime,level,tags foldmultilines=false
 #1: stderr all=off uptime,level,tags foldmultilines=false

Environment Variables:
PATH=C:\Program Files\Eclipse Adoptium\jdk-21.0.7.6-hotspot\bin;C:\Program Files\Common Files\Oracle\Java\javapath;C:\WINDOWS\system32;C:\WINDOWS;C:\WINDOWS\System32\Wbem;C:\WINDOWS\System32\WindowsPowerShell\v1.0\;C:\WINDOWS\System32\OpenSSH\;C:\Program Files\dotnet\;C:\MinGW\bin;C:\Program Files\Git\cmd;C:\Users\pvrre\AppData\Local\Microsoft\WindowsApps;C:\MinGW\bin;C:\Users\pvrre\AppData\Local\JetBrains\Toolbox\scripts;C:\Users\pvrre\AppData\Local\Programs\Microsoft VS Code\bin
USERNAME=pvrre
OS=Windows_NT
PROCESSOR_IDENTIFIER=Intel64 Family 6 Model 154 Stepping 4, GenuineIntel
TMP=C:\Users\pvrre\AppData\Local\Temp
TEMP=C:\Users\pvrre\AppData\Local\Temp




Periodic native trim disabled

---------------  S Y S T E M  ---------------

OS:
 Windows 11 , 64 bit Build 26100 (10.0.26100.6725)
OS uptime: 31 days 13:36 hours
Hyper-V role detected

CPU: total 12 (initial active 12) (6 cores per cpu, 2 threads per core) family 6 model 154 stepping 4 microcode 0x437, cx8, cmov, fxsr, ht, mmx, 3dnowpref, sse, sse2, sse3, ssse3, sse4.1, sse4.2, popcnt, lzcnt, tsc, tscinvbit, avx, avx2, aes, erms, clmul, bmi1, bmi2, adx, sha, fma, vzeroupper, clflush, clflushopt, clwb, hv, serialize, rdtscp, rdpid, fsrm, gfni, f16c, cet_ibt, cet_ss
Processor Information for the first 12 processors :
  Max Mhz: 1300, Current Mhz: 1300, Mhz Limit: 1300

Memory: 4k page, system-wide physical 7876M (459M free)
TotalPageFile size 32452M (AvailPageFile size 0M)
current process WorkingSet (physical memory assigned to process): 348M, peak: 465M
current process commit charge ("private bytes"): 476M, peak: 520M

vm_info: Java HotSpot(TM) 64-Bit Server VM (24.0.1+9-30) for windows-amd64 JRE (24.0.1+9-30), built on 2025-03-05T07:23:45Z with MS VC++ 17.6 (VS2022)

END.
